#
# A fatal error has been detected by the Java Runtime Environment:
#
#  SIGBUS (0xa) at pc=0x000000010d5f59df, pid=40112, tid=0x000000000000441f
#
# JRE version: OpenJDK Runtime Environment (8.0_252-b09) (build 1.8.0_252-b09)
# Java VM: OpenJDK 64-Bit Server VM (25.252-b09 mixed mode bsd-amd64 compressed oops)
# Problematic frame:
# C  [libzip.dylib+0x39df]  newEntry+0x5d
#
# Failed to write core dump. Core dumps have been disabled. To enable core dumping, try "ulimit -c unlimited" before starting Java again
#
# If you would like to submit a bug report, please visit:
#   http://bugreport.java.com/bugreport/crash.jsp
# The crash happened outside the Java Virtual Machine in native code.
# See problematic frame for where to report the bug.
#

---------------  T H R E A D  ---------------

Current thread (0x00007f827afff800):  JavaThread "Execution worker for ':'" [_thread_in_native, id=17439, stack(0x0000700016167000,0x0000700016267000)]

siginfo: si_signo: 10 (SIGBUS), si_code: 2 (BUS_ADRERR), si_addr: 0x000000012807a409

Registers:
RAX=0x0000000000000000, RBX=0x0000000000000000, RCX=0x0000000000000000, RDX=0x00007f826c300000
RSP=0x0000700016261ee0, RBP=0x0000700016261f70, RSI=0x0000000008000000, RDI=0x0000000000000285
R8 =0x0000000000002857, R9 =0x000000000000285b, R10=0x00000000f87fffff, R11=0x00006ff8304117f8
R12=0x00007f826c32c5e0, R13=0x000000012807a3ed, R14=0x00007f826b02ff80, R15=0x00007f826b02fc60
RIP=0x000000010d5f59df, EFLAGS=0x0000000000010206, ERR=0x0000000000000004
  TRAPNO=0x000000000000000e

Top of Stack: (sp=0x0000700016261ee0)
0x0000700016261ee0:   000000010fd44c20 0000700016261f28
0x0000700016261ef0:   0000700016261f10 00000001202b5f60
0x0000700016261f00:   00007f827afff800 00000001202b5f60
0x0000700016261f10:   0000700016261f20 000000010f8d2329
0x0000700016261f20:   0000000016261f50 000000010f7cd52c
0x0000700016261f30:   000000010fa85198 00007f826b02fda0
0x0000700016261f40:   00007f826b02fc60 000000005f620a22
0x0000700016261f50:   00007f826b02fe20 00007f826c148000
0x0000700016261f60:   0000000000000160 0000700016261fe0
0x0000700016261f70:   0000700016261fc0 000000010d5f58a1
0x0000700016261f80:   000000000000003d 0000000116261fe0
0x0000700016261f90:   00007f826b02fc60 000000000000003d
0x0000700016261fa0:   0000700016262438 00007f827afff9e0
0x0000700016261fb0:   0000700016261fe0 00007f826b02fc60
0x0000700016261fc0:   0000700016262420 000000010d5f4239
0x0000700016261fd0:   000000000000007d 00000001129d2f9c
0x0000700016261fe0:   464e492d4154454d 656369767265732f
0x0000700016261ff0:   656a2e67726f2f73 2e736e6961726274
0x0000700016262000:   6c702e616b6b6f64 74696c6962616775
0x0000700016262010:   50616b6b6f442e79 0000006e6967756c
0x0000700016262020:   00000007f0823e00 00007f827afff800
0x0000700016262030:   0000700016262000 0000700016262520
0x0000700016262040:   0000000112ba4634 0000000112ba4290
0x0000700016262050:   0000000700000000 00007000162627c8
0x0000700016262060:   0000700016262520 00007f82878f89e0
0x0000700016262070:   00007f827ff14430 00007f827ff14440
0x0000700016262080:   00007f827ff14818 00000000000003d8
0x0000700016262090:   00000007f083b318 00000007f083b318
0x00007000162620a0:   00000001200f5ca0 00007f827afff800
0x00007000162620b0:   00000001200f5ca0 00007f827afff800
0x00007000162620c0:   fffffffe00000000 0000000000000000
0x00007000162620d0:   0000000000000000 00000001200f5ca0 

Instructions: (pc=0x000000010d5f59df)
0x000000010d5f59bf:   24 28 41 80 7f 30 00 89 5d b4 0f 84 f3 00 00 00
0x000000010d5f59cf:   4d 8b 6f 18 4d 03 6e 08 4d 2b 6f 28 4c 89 7d d0
0x000000010d5f59df:   41 0f b6 45 1c 45 0f b6 75 1d 49 c1 e6 08 49 09
0x000000010d5f59ef:   c6 41 0f b6 45 1e 48 89 45 b8 41 0f b6 45 1f 48 

Register to memory mapping:

RAX=0x0000000000000000 is an unknown value
RBX=0x0000000000000000 is an unknown value
RCX=0x0000000000000000 is an unknown value
RDX=0x00007f826c300000 is an unknown value
RSP=0x0000700016261ee0 is pointing into the stack for thread: 0x00007f827afff800
RBP=0x0000700016261f70 is pointing into the stack for thread: 0x00007f827afff800
RSI=0x0000000008000000 is an unknown value
RDI=0x0000000000000285 is an unknown value
R8 =0x0000000000002857 is an unknown value
R9 =0x000000000000285b is an unknown value
R10=0x00000000f87fffff is an unknown value
R11=0x00006ff8304117f8 is an unknown value
R12=0x00007f826c32c5e0 is an unknown value
R13=0x000000012807a3ed is an unknown value
R14=0x00007f826b02ff80 is an unknown value
R15=0x00007f826b02fc60 is an unknown value


Stack: [0x0000700016167000,0x0000700016267000],  sp=0x0000700016261ee0,  free space=1003k
Native frames: (J=compiled Java code, j=interpreted, Vv=VM code, C=native code)
C  [libzip.dylib+0x39df]  newEntry+0x5d
C  [libzip.dylib+0x38a1]  ZIP_GetEntry2+0x101
C  [libzip.dylib+0x2239]  Java_java_util_zip_ZipFile_getEntry+0x94
J 380  java.util.zip.ZipFile.getEntry(J[BZ)J (0 bytes) @ 0x000000010fecbc5e [0x000000010fecbb80+0xde]
J 18690 C2 java.util.zip.ZipFile.getEntry(Ljava/lang/String;)Ljava/util/zip/ZipEntry; (101 bytes) @ 0x00000001130212ec [0x0000000113020f60+0x38c]
J 25768 C1 sun.net.www.protocol.jar.URLJarFile.getEntry(Ljava/lang/String;)Ljava/util/zip/ZipEntry; (69 bytes) @ 0x0000000112ba4634 [0x0000000112ba4560+0xd4]
J 14992 C1 sun.net.www.protocol.jar.JarURLConnection.connect()V (163 bytes) @ 0x00000001107f4a3c [0x00000001107f4340+0x6fc]
J 18268 C1 sun.net.www.protocol.jar.JarURLConnection.getInputStream()Ljava/io/InputStream; (97 bytes) @ 0x0000000112e6e9dc [0x0000000112e6e940+0x9c]
j  java.net.URL.openStream()Ljava/io/InputStream;+4
j  java.util.ServiceLoader.parse(Ljava/lang/Class;Ljava/net/URL;)Ljava/util/Iterator;+15
j  java.util.ServiceLoader.access$200(Ljava/util/ServiceLoader;Ljava/lang/Class;Ljava/net/URL;)Ljava/util/Iterator;+3
j  java.util.ServiceLoader$LazyIterator.hasNextService()Z+140
j  java.util.ServiceLoader$LazyIterator.hasNext()Z+11
j  java.util.ServiceLoader$1.hasNext()Z+21
j  kotlin.collections.CollectionsKt__MutableCollectionsKt.addAll(Ljava/util/Collection;Ljava/lang/Iterable;)Z+44
j  kotlin.collections.CollectionsKt___CollectionsKt.plus(Ljava/lang/Iterable;Ljava/lang/Iterable;)Ljava/util/List;+43
j  org.jetbrains.dokka.plugability.DokkaContext$Companion.create(Lorg/jetbrains/dokka/DokkaConfiguration;Lorg/jetbrains/dokka/utilities/DokkaLogger;Ljava/util/List;)Lorg/jetbrains/dokka/plugability/DokkaContext;+313
j  org.jetbrains.dokka.DokkaGenerator.initializePlugins(Lorg/jetbrains/dokka/DokkaConfiguration;Lorg/jetbrains/dokka/utilities/DokkaLogger;Ljava/util/List;)Lorg/jetbrains/dokka/plugability/DokkaContext;+24
j  org.jetbrains.dokka.DokkaGenerator.initializePlugins$default(Lorg/jetbrains/dokka/DokkaGenerator;Lorg/jetbrains/dokka/DokkaConfiguration;Lorg/jetbrains/dokka/utilities/DokkaLogger;Ljava/util/List;ILjava/lang/Object;)Lorg/jetbrains/dokka/plugability/DokkaContext;+15
j  org.jetbrains.dokka.DokkaGenerator$generate$1.invoke(Lorg/jetbrains/dokka/Timer;)V+33
j  org.jetbrains.dokka.DokkaGenerator$generate$1.invoke(Ljava/lang/Object;)Ljava/lang/Object;+5
j  org.jetbrains.dokka.DokkaGeneratorKt.timed(Lorg/jetbrains/dokka/utilities/DokkaLogger;Lkotlin/jvm/functions/Function1;)Lorg/jetbrains/dokka/Timer;+27
j  org.jetbrains.dokka.DokkaGeneratorKt.access$timed(Lorg/jetbrains/dokka/utilities/DokkaLogger;Lkotlin/jvm/functions/Function1;)Lorg/jetbrains/dokka/Timer;+2
j  org.jetbrains.dokka.DokkaGenerator.generate()V+15
j  org.jetbrains.dokka.DokkaBootstrapImpl.generate()V+13
v  ~StubRoutines::call_stub
V  [libjvm.dylib+0x2c232f]
V  [libjvm.dylib+0x4a0995]
V  [libjvm.dylib+0x4a154e]
V  [libjvm.dylib+0x316417]
J 1619  sun.reflect.NativeMethodAccessorImpl.invoke0(Ljava/lang/reflect/Method;Ljava/lang/Object;[Ljava/lang/Object;)Ljava/lang/Object; (0 bytes) @ 0x0000000110264dbd [0x0000000110264cc0+0xfd]
J 13726 C2 sun.reflect.NativeMethodAccessorImpl.invoke(Ljava/lang/Object;[Ljava/lang/Object;)Ljava/lang/Object; (104 bytes) @ 0x00000001117848f4 [0x0000000111784880+0x74]
J 9823 C2 java.lang.reflect.Method.invoke(Ljava/lang/Object;[Ljava/lang/Object;)Ljava/lang/Object; (62 bytes) @ 0x00000001118b153c [0x00000001118b1480+0xbc]
j  org.jetbrains.dokka.gradle.DelegatedInvocationHandler.invoke(Ljava/lang/Object;Ljava/lang/reflect/Method;[Ljava/lang/Object;)Ljava/lang/Object;+77
j  com.sun.proxy.$Proxy150.generate()V+9
j  org.jetbrains.dokka.gradle.AbstractDokkaTask.generateDocumentation$gradle_plugin()V+46
v  ~StubRoutines::call_stub
V  [libjvm.dylib+0x2c232f]
V  [libjvm.dylib+0x4a0995]
V  [libjvm.dylib+0x4a154e]
V  [libjvm.dylib+0x316417]
J 1619  sun.reflect.NativeMethodAccessorImpl.invoke0(Ljava/lang/reflect/Method;Ljava/lang/Object;[Ljava/lang/Object;)Ljava/lang/Object; (0 bytes) @ 0x0000000110264dbd [0x0000000110264cc0+0xfd]
J 13726 C2 sun.reflect.NativeMethodAccessorImpl.invoke(Ljava/lang/Object;[Ljava/lang/Object;)Ljava/lang/Object; (104 bytes) @ 0x00000001117848f4 [0x0000000111784880+0x74]
J 9823 C2 java.lang.reflect.Method.invoke(Ljava/lang/Object;[Ljava/lang/Object;)Ljava/lang/Object; (62 bytes) @ 0x00000001118b153c [0x00000001118b1480+0xbc]
J 1840 C1 org.gradle.internal.reflect.JavaMethod.invoke(Ljava/lang/Object;[Ljava/lang/Object;)Ljava/lang/Object; (74 bytes) @ 0x00000001103190cc [0x0000000110318fa0+0x12c]
j  org.gradle.api.internal.project.taskfactory.StandardTaskAction.doExecute(Lorg/gradle/api/Task;Ljava/lang/String;)V+16
j  org.gradle.api.internal.project.taskfactory.StandardTaskAction.execute(Lorg/gradle/api/Task;)V+32
j  org.gradle.api.internal.project.taskfactory.StandardTaskAction.execute(Ljava/lang/Object;)V+5
j  org.gradle.api.internal.AbstractTask$TaskActionWrapper.execute(Lorg/gradle/api/Task;)V+28
j  org.gradle.api.internal.AbstractTask$TaskActionWrapper.execute(Ljava/lang/Object;)V+5
j  org.gradle.api.internal.tasks.execution.ExecuteActionsTaskExecuter$3.run(Lorg/gradle/internal/operations/BuildOperationContext;)V+23
J 6074 C1 org.gradle.internal.operations.DefaultBuildOperationExecutor$RunnableBuildOperationWorker.execute(Lorg/gradle/internal/operations/BuildOperation;Lorg/gradle/internal/operations/BuildOperationContext;)V (10 bytes) @ 0x0000000110e9d464 [0x0000000110e9d1e0+0x284]
J 9031 C1 org.gradle.internal.operations.DefaultBuildOperationExecutor$1.execute(Lorg/gradle/internal/operations/BuildOperationDescriptor;Lorg/gradle/internal/operations/DefaultBuildOperationExecutor$DefaultBuildOperationContext;Lorg/gradle/internal/operations/DefaultBuildOperationExecutor$BuildOperationExecutionListener;)Lorg/gradle/internal/operations/BuildOperation; (82 bytes) @ 0x00000001115aba9c [0x00000001115ab900+0x19c]
J 8641 C1 org.gradle.internal.operations.DefaultBuildOperationExecutor.execute(Lorg/gradle/internal/operations/BuildOperationDescriptor$Builder;Lorg/gradle/internal/operations/DefaultBuildOperationExecutor$BuildOperationState;Lorg/gradle/internal/operations/DefaultBuildOperationExecutor$BuildOperationExecution;)Lorg/gradle/internal/operations/BuildOperation; (111 bytes) @ 0x0000000111468964 [0x0000000111467900+0x1064]
J 6667 C1 org.gradle.internal.operations.DefaultBuildOperationExecutor.run(Lorg/gradle/internal/operations/RunnableBuildOperation;)V (28 bytes) @ 0x00000001110660dc [0x0000000111065a80+0x65c]
J 14986 C1 org.gradle.internal.operations.DelegatingBuildOperationExecutor.run(Lorg/gradle/internal/operations/RunnableBuildOperation;)V (11 bytes) @ 0x00000001118e7054 [0x00000001118e6f40+0x114]
j  org.gradle.api.internal.tasks.execution.ExecuteActionsTaskExecuter.executeAction(Ljava/lang/String;Lorg/gradle/api/internal/TaskInternal;Lorg/gradle/api/internal/tasks/InputChangesAwareTaskAction;Lorg/gradle/internal/execution/history/changes/InputChangesInternal;Z)V+30
j  org.gradle.api.internal.tasks.execution.ExecuteActionsTaskExecuter.executeActions(Lorg/gradle/api/internal/TaskInternal;Lorg/gradle/internal/execution/history/changes/InputChangesInternal;)V+131
j  org.gradle.api.internal.tasks.execution.ExecuteActionsTaskExecuter.access$300(Lorg/gradle/api/internal/tasks/execution/ExecuteActionsTaskExecuter;Lorg/gradle/api/internal/TaskInternal;Lorg/gradle/internal/execution/history/changes/InputChangesInternal;)V+3
j  org.gradle.api.internal.tasks.execution.ExecuteActionsTaskExecuter$TaskExecution.executeWithPreviousOutputFiles(Lorg/gradle/internal/execution/history/changes/InputChangesInternal;)Lorg/gradle/internal/execution/UnitOfWork$WorkResult;+52
j  org.gradle.api.internal.tasks.execution.ExecuteActionsTaskExecuter$TaskExecution.execute(Lorg/gradle/internal/execution/history/changes/InputChangesInternal;Lorg/gradle/internal/execution/InputChangesContext;)Lorg/gradle/internal/execution/UnitOfWork$WorkResult;+60
j  org.gradle.internal.execution.steps.ExecuteStep.lambda$execute$1(Lorg/gradle/internal/execution/UnitOfWork;Lorg/gradle/internal/execution/InputChangesContext;)Lorg/gradle/internal/execution/ExecutionOutcome;+3
j  org.gradle.internal.execution.steps.ExecuteStep$$Lambda$763.get()Ljava/lang/Object;+8
J 10621 C1 java.util.Optional.orElseGet(Ljava/util/function/Supplier;)Ljava/lang/Object; (21 bytes) @ 0x0000000111a7792c [0x0000000111a777c0+0x16c]
j  org.gradle.internal.execution.steps.ExecuteStep.execute(Lorg/gradle/internal/execution/InputChangesContext;)Lorg/gradle/internal/execution/Result;+30
j  org.gradle.internal.execution.steps.ExecuteStep.execute(Lorg/gradle/internal/execution/Context;)Lorg/gradle/internal/execution/Result;+5
j  org.gradle.internal.execution.steps.CleanupOutputsStep.execute(Lorg/gradle/internal/execution/InputChangesContext;)Lorg/gradle/internal/execution/Result;+66
j  org.gradle.internal.execution.steps.CleanupOutputsStep.execute(Lorg/gradle/internal/execution/Context;)Lorg/gradle/internal/execution/Result;+5
j  org.gradle.internal.execution.steps.ResolveInputChangesStep.execute(Lorg/gradle/internal/execution/IncrementalChangesContext;)Lorg/gradle/internal/execution/Result;+50
j  org.gradle.internal.execution.steps.ResolveInputChangesStep.execute(Lorg/gradle/internal/execution/Context;)Lorg/gradle/internal/execution/Result;+5
j  org.gradle.internal.execution.steps.CancelExecutionStep.execute(Lorg/gradle/internal/execution/Context;)Lorg/gradle/internal/execution/Result;+32
j  org.gradle.internal.execution.steps.TimeoutStep.executeWithoutTimeout(Lorg/gradle/internal/execution/Context;)Lorg/gradle/internal/execution/Result;+5
j  org.gradle.internal.execution.steps.TimeoutStep.execute(Lorg/gradle/internal/execution/Context;)Lorg/gradle/internal/execution/Result;+97
j  org.gradle.internal.execution.steps.CatchExceptionStep.execute(Lorg/gradle/internal/execution/Context;)Lorg/gradle/internal/execution/Result;+5
j  org.gradle.internal.execution.steps.CreateOutputsStep.execute(Lorg/gradle/internal/execution/Context;)Lorg/gradle/internal/execution/Result;+21
j  org.gradle.internal.execution.steps.SnapshotOutputsStep.execute(Lorg/gradle/internal/execution/BeforeExecutionContext;)Lorg/gradle/internal/execution/CurrentSnapshotResult;+5
j  org.gradle.internal.execution.steps.SnapshotOutputsStep.execute(Lorg/gradle/internal/execution/Context;)Lorg/gradle/internal/execution/Result;+5
j  org.gradle.internal.execution.steps.BroadcastChangingOutputsStep.execute(Lorg/gradle/internal/execution/Context;)Lorg/gradle/internal/execution/Result;+53
j  org.gradle.internal.execution.steps.CacheStep.executeWithoutCache(Lorg/gradle/internal/execution/IncrementalChangesContext;)Lorg/gradle/internal/execution/CurrentSnapshotResult;+5
j  org.gradle.internal.execution.steps.CacheStep.execute(Lorg/gradle/internal/execution/IncrementalChangesContext;)Lorg/gradle/internal/execution/CurrentSnapshotResult;+41
j  org.gradle.internal.execution.steps.CacheStep.execute(Lorg/gradle/internal/execution/Context;)Lorg/gradle/internal/execution/Result;+5
j  org.gradle.internal.execution.steps.StoreExecutionStateStep.execute(Lorg/gradle/internal/execution/BeforeExecutionContext;)Lorg/gradle/internal/execution/CurrentSnapshotResult;+5
j  org.gradle.internal.execution.steps.StoreExecutionStateStep.execute(Lorg/gradle/internal/execution/Context;)Lorg/gradle/internal/execution/Result;+5
j  org.gradle.internal.execution.steps.RecordOutputsStep.execute(Lorg/gradle/internal/execution/Context;)Lorg/gradle/internal/execution/CurrentSnapshotResult;+5
j  org.gradle.internal.execution.steps.RecordOutputsStep.execute(Lorg/gradle/internal/execution/Context;)Lorg/gradle/internal/execution/Result;+2
j  org.gradle.internal.execution.steps.SkipUpToDateStep.executeBecause(Lcom/google/common/collect/ImmutableList;Lorg/gradle/internal/execution/IncrementalChangesContext;)Lorg/gradle/internal/execution/UpToDateResult;+16
j  org.gradle.internal.execution.steps.SkipUpToDateStep.lambda$execute$0(Lorg/gradle/internal/execution/IncrementalChangesContext;Lorg/gradle/internal/execution/history/changes/ExecutionStateChanges;)Lorg/gradle/internal/execution/UpToDateResult;+74
j  org.gradle.internal.execution.steps.SkipUpToDateStep$$Lambda$714.apply(Ljava/lang/Object;)Ljava/lang/Object;+12
J 10060 C2 java.util.Optional.map(Ljava/util/function/Function;)Ljava/util/Optional; (30 bytes) @ 0x0000000110d16388 [0x0000000110d15f60+0x428]
j  org.gradle.internal.execution.steps.SkipUpToDateStep.execute(Lorg/gradle/internal/execution/IncrementalChangesContext;)Lorg/gradle/internal/execution/UpToDateResult;+45
j  org.gradle.internal.execution.steps.SkipUpToDateStep.execute(Lorg/gradle/internal/execution/Context;)Lorg/gradle/internal/execution/Result;+5
j  org.gradle.internal.execution.steps.ResolveChangesStep.execute(Lorg/gradle/internal/execution/CachingContext;)Lorg/gradle/internal/execution/Result;+64
j  org.gradle.internal.execution.steps.ResolveChangesStep.execute(Lorg/gradle/internal/execution/Context;)Lorg/gradle/internal/execution/Result;+5
j  org.gradle.internal.execution.steps.legacy.MarkSnapshottingInputsFinishedStep.execute(Lorg/gradle/internal/execution/CachingContext;)Lorg/gradle/internal/execution/Result;+22
j  org.gradle.internal.execution.steps.legacy.MarkSnapshottingInputsFinishedStep.execute(Lorg/gradle/internal/execution/Context;)Lorg/gradle/internal/execution/Result;+5
j  org.gradle.internal.execution.steps.ResolveCachingStateStep.execute(Lorg/gradle/internal/execution/BeforeExecutionContext;)Lorg/gradle/internal/execution/CachingResult;+121
j  org.gradle.internal.execution.steps.ResolveCachingStateStep.execute(Lorg/gradle/internal/execution/Context;)Lorg/gradle/internal/execution/Result;+5
j  org.gradle.internal.execution.steps.CaptureStateBeforeExecutionStep.execute(Lorg/gradle/internal/execution/AfterPreviousExecutionContext;)Lorg/gradle/internal/execution/CachingResult;+36
j  org.gradle.internal.execution.steps.CaptureStateBeforeExecutionStep.execute(Lorg/gradle/internal/execution/Context;)Lorg/gradle/internal/execution/Result;+5
j  org.gradle.internal.execution.steps.ValidateStep.execute(Lorg/gradle/internal/execution/Context;)Lorg/gradle/internal/execution/Result;+175
...<more frames>...

Java frames: (J=compiled Java code, j=interpreted, Vv=VM code)
J 380  java.util.zip.ZipFile.getEntry(J[BZ)J (0 bytes) @ 0x000000010fecbbe8 [0x000000010fecbb80+0x68]
J 18690 C2 java.util.zip.ZipFile.getEntry(Ljava/lang/String;)Ljava/util/zip/ZipEntry; (101 bytes) @ 0x00000001130212ec [0x0000000113020f60+0x38c]
J 25768 C1 sun.net.www.protocol.jar.URLJarFile.getEntry(Ljava/lang/String;)Ljava/util/zip/ZipEntry; (69 bytes) @ 0x0000000112ba4634 [0x0000000112ba4560+0xd4]
J 14992 C1 sun.net.www.protocol.jar.JarURLConnection.connect()V (163 bytes) @ 0x00000001107f4a3c [0x00000001107f4340+0x6fc]
J 18268 C1 sun.net.www.protocol.jar.JarURLConnection.getInputStream()Ljava/io/InputStream; (97 bytes) @ 0x0000000112e6e9dc [0x0000000112e6e940+0x9c]
j  java.net.URL.openStream()Ljava/io/InputStream;+4
j  java.util.ServiceLoader.parse(Ljava/lang/Class;Ljava/net/URL;)Ljava/util/Iterator;+15
j  java.util.ServiceLoader.access$200(Ljava/util/ServiceLoader;Ljava/lang/Class;Ljava/net/URL;)Ljava/util/Iterator;+3
j  java.util.ServiceLoader$LazyIterator.hasNextService()Z+140
j  java.util.ServiceLoader$LazyIterator.hasNext()Z+11
j  java.util.ServiceLoader$1.hasNext()Z+21
j  kotlin.collections.CollectionsKt__MutableCollectionsKt.addAll(Ljava/util/Collection;Ljava/lang/Iterable;)Z+44
j  kotlin.collections.CollectionsKt___CollectionsKt.plus(Ljava/lang/Iterable;Ljava/lang/Iterable;)Ljava/util/List;+43
j  org.jetbrains.dokka.plugability.DokkaContext$Companion.create(Lorg/jetbrains/dokka/DokkaConfiguration;Lorg/jetbrains/dokka/utilities/DokkaLogger;Ljava/util/List;)Lorg/jetbrains/dokka/plugability/DokkaContext;+313
j  org.jetbrains.dokka.DokkaGenerator.initializePlugins(Lorg/jetbrains/dokka/DokkaConfiguration;Lorg/jetbrains/dokka/utilities/DokkaLogger;Ljava/util/List;)Lorg/jetbrains/dokka/plugability/DokkaContext;+24
j  org.jetbrains.dokka.DokkaGenerator.initializePlugins$default(Lorg/jetbrains/dokka/DokkaGenerator;Lorg/jetbrains/dokka/DokkaConfiguration;Lorg/jetbrains/dokka/utilities/DokkaLogger;Ljava/util/List;ILjava/lang/Object;)Lorg/jetbrains/dokka/plugability/DokkaContext;+15
j  org.jetbrains.dokka.DokkaGenerator$generate$1.invoke(Lorg/jetbrains/dokka/Timer;)V+33
j  org.jetbrains.dokka.DokkaGenerator$generate$1.invoke(Ljava/lang/Object;)Ljava/lang/Object;+5
j  org.jetbrains.dokka.DokkaGeneratorKt.timed(Lorg/jetbrains/dokka/utilities/DokkaLogger;Lkotlin/jvm/functions/Function1;)Lorg/jetbrains/dokka/Timer;+27
j  org.jetbrains.dokka.DokkaGeneratorKt.access$timed(Lorg/jetbrains/dokka/utilities/DokkaLogger;Lkotlin/jvm/functions/Function1;)Lorg/jetbrains/dokka/Timer;+2
j  org.jetbrains.dokka.DokkaGenerator.generate()V+15
j  org.jetbrains.dokka.DokkaBootstrapImpl.generate()V+13
v  ~StubRoutines::call_stub
J 1619  sun.reflect.NativeMethodAccessorImpl.invoke0(Ljava/lang/reflect/Method;Ljava/lang/Object;[Ljava/lang/Object;)Ljava/lang/Object; (0 bytes) @ 0x0000000110264d47 [0x0000000110264cc0+0x87]
J 13726 C2 sun.reflect.NativeMethodAccessorImpl.invoke(Ljava/lang/Object;[Ljava/lang/Object;)Ljava/lang/Object; (104 bytes) @ 0x00000001117848f4 [0x0000000111784880+0x74]
J 9823 C2 java.lang.reflect.Method.invoke(Ljava/lang/Object;[Ljava/lang/Object;)Ljava/lang/Object; (62 bytes) @ 0x00000001118b153c [0x00000001118b1480+0xbc]
j  org.jetbrains.dokka.gradle.DelegatedInvocationHandler.invoke(Ljava/lang/Object;Ljava/lang/reflect/Method;[Ljava/lang/Object;)Ljava/lang/Object;+77
j  com.sun.proxy.$Proxy150.generate()V+9
j  org.jetbrains.dokka.gradle.AbstractDokkaTask.generateDocumentation$gradle_plugin()V+46
v  ~StubRoutines::call_stub
J 1619  sun.reflect.NativeMethodAccessorImpl.invoke0(Ljava/lang/reflect/Method;Ljava/lang/Object;[Ljava/lang/Object;)Ljava/lang/Object; (0 bytes) @ 0x0000000110264d47 [0x0000000110264cc0+0x87]
J 13726 C2 sun.reflect.NativeMethodAccessorImpl.invoke(Ljava/lang/Object;[Ljava/lang/Object;)Ljava/lang/Object; (104 bytes) @ 0x00000001117848f4 [0x0000000111784880+0x74]
J 9823 C2 java.lang.reflect.Method.invoke(Ljava/lang/Object;[Ljava/lang/Object;)Ljava/lang/Object; (62 bytes) @ 0x00000001118b153c [0x00000001118b1480+0xbc]
J 1840 C1 org.gradle.internal.reflect.JavaMethod.invoke(Ljava/lang/Object;[Ljava/lang/Object;)Ljava/lang/Object; (74 bytes) @ 0x00000001103190cc [0x0000000110318fa0+0x12c]
j  org.gradle.api.internal.project.taskfactory.StandardTaskAction.doExecute(Lorg/gradle/api/Task;Ljava/lang/String;)V+16
j  org.gradle.api.internal.project.taskfactory.StandardTaskAction.execute(Lorg/gradle/api/Task;)V+32
j  org.gradle.api.internal.project.taskfactory.StandardTaskAction.execute(Ljava/lang/Object;)V+5
j  org.gradle.api.internal.AbstractTask$TaskActionWrapper.execute(Lorg/gradle/api/Task;)V+28
j  org.gradle.api.internal.AbstractTask$TaskActionWrapper.execute(Ljava/lang/Object;)V+5
j  org.gradle.api.internal.tasks.execution.ExecuteActionsTaskExecuter$3.run(Lorg/gradle/internal/operations/BuildOperationContext;)V+23
J 6074 C1 org.gradle.internal.operations.DefaultBuildOperationExecutor$RunnableBuildOperationWorker.execute(Lorg/gradle/internal/operations/BuildOperation;Lorg/gradle/internal/operations/BuildOperationContext;)V (10 bytes) @ 0x0000000110e9d464 [0x0000000110e9d1e0+0x284]
J 9031 C1 org.gradle.internal.operations.DefaultBuildOperationExecutor$1.execute(Lorg/gradle/internal/operations/BuildOperationDescriptor;Lorg/gradle/internal/operations/DefaultBuildOperationExecutor$DefaultBuildOperationContext;Lorg/gradle/internal/operations/DefaultBuildOperationExecutor$BuildOperationExecutionListener;)Lorg/gradle/internal/operations/BuildOperation; (82 bytes) @ 0x00000001115aba9c [0x00000001115ab900+0x19c]
J 8641 C1 org.gradle.internal.operations.DefaultBuildOperationExecutor.execute(Lorg/gradle/internal/operations/BuildOperationDescriptor$Builder;Lorg/gradle/internal/operations/DefaultBuildOperationExecutor$BuildOperationState;Lorg/gradle/internal/operations/DefaultBuildOperationExecutor$BuildOperationExecution;)Lorg/gradle/internal/operations/BuildOperation; (111 bytes) @ 0x0000000111468964 [0x0000000111467900+0x1064]
J 6667 C1 org.gradle.internal.operations.DefaultBuildOperationExecutor.run(Lorg/gradle/internal/operations/RunnableBuildOperation;)V (28 bytes) @ 0x00000001110660dc [0x0000000111065a80+0x65c]
J 14986 C1 org.gradle.internal.operations.DelegatingBuildOperationExecutor.run(Lorg/gradle/internal/operations/RunnableBuildOperation;)V (11 bytes) @ 0x00000001118e7054 [0x00000001118e6f40+0x114]
j  org.gradle.api.internal.tasks.execution.ExecuteActionsTaskExecuter.executeAction(Ljava/lang/String;Lorg/gradle/api/internal/TaskInternal;Lorg/gradle/api/internal/tasks/InputChangesAwareTaskAction;Lorg/gradle/internal/execution/history/changes/InputChangesInternal;Z)V+30
j  org.gradle.api.internal.tasks.execution.ExecuteActionsTaskExecuter.executeActions(Lorg/gradle/api/internal/TaskInternal;Lorg/gradle/internal/execution/history/changes/InputChangesInternal;)V+131
j  org.gradle.api.internal.tasks.execution.ExecuteActionsTaskExecuter.access$300(Lorg/gradle/api/internal/tasks/execution/ExecuteActionsTaskExecuter;Lorg/gradle/api/internal/TaskInternal;Lorg/gradle/internal/execution/history/changes/InputChangesInternal;)V+3
j  org.gradle.api.internal.tasks.execution.ExecuteActionsTaskExecuter$TaskExecution.executeWithPreviousOutputFiles(Lorg/gradle/internal/execution/history/changes/InputChangesInternal;)Lorg/gradle/internal/execution/UnitOfWork$WorkResult;+52
j  org.gradle.api.internal.tasks.execution.ExecuteActionsTaskExecuter$TaskExecution.execute(Lorg/gradle/internal/execution/history/changes/InputChangesInternal;Lorg/gradle/internal/execution/InputChangesContext;)Lorg/gradle/internal/execution/UnitOfWork$WorkResult;+60
j  org.gradle.internal.execution.steps.ExecuteStep.lambda$execute$1(Lorg/gradle/internal/execution/UnitOfWork;Lorg/gradle/internal/execution/InputChangesContext;)Lorg/gradle/internal/execution/ExecutionOutcome;+3
j  org.gradle.internal.execution.steps.ExecuteStep$$Lambda$763.get()Ljava/lang/Object;+8
J 10621 C1 java.util.Optional.orElseGet(Ljava/util/function/Supplier;)Ljava/lang/Object; (21 bytes) @ 0x0000000111a7792c [0x0000000111a777c0+0x16c]
j  org.gradle.internal.execution.steps.ExecuteStep.execute(Lorg/gradle/internal/execution/InputChangesContext;)Lorg/gradle/internal/execution/Result;+30
j  org.gradle.internal.execution.steps.ExecuteStep.execute(Lorg/gradle/internal/execution/Context;)Lorg/gradle/internal/execution/Result;+5
j  org.gradle.internal.execution.steps.CleanupOutputsStep.execute(Lorg/gradle/internal/execution/InputChangesContext;)Lorg/gradle/internal/execution/Result;+66
j  org.gradle.internal.execution.steps.CleanupOutputsStep.execute(Lorg/gradle/internal/execution/Context;)Lorg/gradle/internal/execution/Result;+5
j  org.gradle.internal.execution.steps.ResolveInputChangesStep.execute(Lorg/gradle/internal/execution/IncrementalChangesContext;)Lorg/gradle/internal/execution/Result;+50
j  org.gradle.internal.execution.steps.ResolveInputChangesStep.execute(Lorg/gradle/internal/execution/Context;)Lorg/gradle/internal/execution/Result;+5
j  org.gradle.internal.execution.steps.CancelExecutionStep.execute(Lorg/gradle/internal/execution/Context;)Lorg/gradle/internal/execution/Result;+32
j  org.gradle.internal.execution.steps.TimeoutStep.executeWithoutTimeout(Lorg/gradle/internal/execution/Context;)Lorg/gradle/internal/execution/Result;+5
j  org.gradle.internal.execution.steps.TimeoutStep.execute(Lorg/gradle/internal/execution/Context;)Lorg/gradle/internal/execution/Result;+97
j  org.gradle.internal.execution.steps.CatchExceptionStep.execute(Lorg/gradle/internal/execution/Context;)Lorg/gradle/internal/execution/Result;+5
j  org.gradle.internal.execution.steps.CreateOutputsStep.execute(Lorg/gradle/internal/execution/Context;)Lorg/gradle/internal/execution/Result;+21
j  org.gradle.internal.execution.steps.SnapshotOutputsStep.execute(Lorg/gradle/internal/execution/BeforeExecutionContext;)Lorg/gradle/internal/execution/CurrentSnapshotResult;+5
j  org.gradle.internal.execution.steps.SnapshotOutputsStep.execute(Lorg/gradle/internal/execution/Context;)Lorg/gradle/internal/execution/Result;+5
j  org.gradle.internal.execution.steps.BroadcastChangingOutputsStep.execute(Lorg/gradle/internal/execution/Context;)Lorg/gradle/internal/execution/Result;+53
j  org.gradle.internal.execution.steps.CacheStep.executeWithoutCache(Lorg/gradle/internal/execution/IncrementalChangesContext;)Lorg/gradle/internal/execution/CurrentSnapshotResult;+5
j  org.gradle.internal.execution.steps.CacheStep.execute(Lorg/gradle/internal/execution/IncrementalChangesContext;)Lorg/gradle/internal/execution/CurrentSnapshotResult;+41
j  org.gradle.internal.execution.steps.CacheStep.execute(Lorg/gradle/internal/execution/Context;)Lorg/gradle/internal/execution/Result;+5
j  org.gradle.internal.execution.steps.StoreExecutionStateStep.execute(Lorg/gradle/internal/execution/BeforeExecutionContext;)Lorg/gradle/internal/execution/CurrentSnapshotResult;+5
j  org.gradle.internal.execution.steps.StoreExecutionStateStep.execute(Lorg/gradle/internal/execution/Context;)Lorg/gradle/internal/execution/Result;+5
j  org.gradle.internal.execution.steps.RecordOutputsStep.execute(Lorg/gradle/internal/execution/Context;)Lorg/gradle/internal/execution/CurrentSnapshotResult;+5
j  org.gradle.internal.execution.steps.RecordOutputsStep.execute(Lorg/gradle/internal/execution/Context;)Lorg/gradle/internal/execution/Result;+2
j  org.gradle.internal.execution.steps.SkipUpToDateStep.executeBecause(Lcom/google/common/collect/ImmutableList;Lorg/gradle/internal/execution/IncrementalChangesContext;)Lorg/gradle/internal/execution/UpToDateResult;+16
j  org.gradle.internal.execution.steps.SkipUpToDateStep.lambda$execute$0(Lorg/gradle/internal/execution/IncrementalChangesContext;Lorg/gradle/internal/execution/history/changes/ExecutionStateChanges;)Lorg/gradle/internal/execution/UpToDateResult;+74
j  org.gradle.internal.execution.steps.SkipUpToDateStep$$Lambda$714.apply(Ljava/lang/Object;)Ljava/lang/Object;+12
J 10060 C2 java.util.Optional.map(Ljava/util/function/Function;)Ljava/util/Optional; (30 bytes) @ 0x0000000110d16388 [0x0000000110d15f60+0x428]
j  org.gradle.internal.execution.steps.SkipUpToDateStep.execute(Lorg/gradle/internal/execution/IncrementalChangesContext;)Lorg/gradle/internal/execution/UpToDateResult;+45
j  org.gradle.internal.execution.steps.SkipUpToDateStep.execute(Lorg/gradle/internal/execution/Context;)Lorg/gradle/internal/execution/Result;+5
j  org.gradle.internal.execution.steps.ResolveChangesStep.execute(Lorg/gradle/internal/execution/CachingContext;)Lorg/gradle/internal/execution/Result;+64
j  org.gradle.internal.execution.steps.ResolveChangesStep.execute(Lorg/gradle/internal/execution/Context;)Lorg/gradle/internal/execution/Result;+5
j  org.gradle.internal.execution.steps.legacy.MarkSnapshottingInputsFinishedStep.execute(Lorg/gradle/internal/execution/CachingContext;)Lorg/gradle/internal/execution/Result;+22
j  org.gradle.internal.execution.steps.legacy.MarkSnapshottingInputsFinishedStep.execute(Lorg/gradle/internal/execution/Context;)Lorg/gradle/internal/execution/Result;+5
j  org.gradle.internal.execution.steps.ResolveCachingStateStep.execute(Lorg/gradle/internal/execution/BeforeExecutionContext;)Lorg/gradle/internal/execution/CachingResult;+121
j  org.gradle.internal.execution.steps.ResolveCachingStateStep.execute(Lorg/gradle/internal/execution/Context;)Lorg/gradle/internal/execution/Result;+5
j  org.gradle.internal.execution.steps.CaptureStateBeforeExecutionStep.execute(Lorg/gradle/internal/execution/AfterPreviousExecutionContext;)Lorg/gradle/internal/execution/CachingResult;+36
j  org.gradle.internal.execution.steps.CaptureStateBeforeExecutionStep.execute(Lorg/gradle/internal/execution/Context;)Lorg/gradle/internal/execution/Result;+5
j  org.gradle.internal.execution.steps.ValidateStep.execute(Lorg/gradle/internal/execution/Context;)Lorg/gradle/internal/execution/Result;+175
j  org.gradle.internal.execution.steps.SkipEmptyWorkStep.lambda$execute$2(Lorg/gradle/internal/execution/AfterPreviousExecutionContext;)Lorg/gradle/internal/execution/CachingResult;+5
j  org.gradle.internal.execution.steps.SkipEmptyWorkStep$$Lambda$698.get()Ljava/lang/Object;+8
J 10621 C1 java.util.Optional.orElseGet(Ljava/util/function/Supplier;)Ljava/lang/Object; (21 bytes) @ 0x0000000111a7792c [0x0000000111a777c0+0x16c]
j  org.gradle.internal.execution.steps.SkipEmptyWorkStep.execute(Lorg/gradle/internal/execution/AfterPreviousExecutionContext;)Lorg/gradle/internal/execution/CachingResult;+55
j  org.gradle.internal.execution.steps.SkipEmptyWorkStep.execute(Lorg/gradle/internal/execution/Context;)Lorg/gradle/internal/execution/Result;+5
j  org.gradle.internal.execution.steps.legacy.MarkSnapshottingInputsStartedStep.execute(Lorg/gradle/internal/execution/Context;)Lorg/gradle/internal/execution/Result;+18
j  org.gradle.internal.execution.steps.LoadExecutionStateStep.execute(Lorg/gradle/internal/execution/ExecutionRequestContext;)Lorg/gradle/internal/execution/Result;+38
j  org.gradle.internal.execution.steps.LoadExecutionStateStep.execute(Lorg/gradle/internal/execution/Context;)Lorg/gradle/internal/execution/Result;+5
j  org.gradle.internal.execution.impl.DefaultWorkExecutor.execute(Lorg/gradle/internal/execution/Context;)Lorg/gradle/internal/execution/Result;+5
j  org.gradle.api.internal.tasks.execution.ExecuteActionsTaskExecuter.executeIfValid(Lorg/gradle/api/internal/TaskInternal;Lorg/gradle/api/internal/tasks/TaskStateInternal;Lorg/gradle/api/internal/tasks/TaskExecutionContext;Lorg/gradle/api/internal/tasks/execution/ExecuteActionsTaskExecuter$TaskExecution;)Lorg/gradle/api/internal/tasks/TaskExecuterResult;+15
j  org.gradle.api.internal.tasks.execution.ExecuteActionsTaskExecuter.execute(Lorg/gradle/api/internal/TaskInternal;Lorg/gradle/api/internal/tasks/TaskStateInternal;Lorg/gradle/api/internal/tasks/TaskExecutionContext;)Lorg/gradle/api/internal/tasks/TaskExecuterResult;+30
j  org.gradle.api.internal.tasks.execution.CleanupStaleOutputsExecuter.execute(Lorg/gradle/api/internal/TaskInternal;Lorg/gradle/api/internal/tasks/TaskStateInternal;Lorg/gradle/api/internal/tasks/TaskExecutionContext;)Lorg/gradle/api/internal/tasks/TaskExecuterResult;+216
j  org.gradle.api.internal.tasks.execution.FinalizePropertiesTaskExecuter.execute(Lorg/gradle/api/internal/TaskInternal;Lorg/gradle/api/internal/tasks/TaskStateInternal;Lorg/gradle/api/internal/tasks/TaskExecutionContext;)Lorg/gradle/api/internal/tasks/TaskExecuterResult;+61
j  org.gradle.api.internal.tasks.execution.ResolveTaskExecutionModeExecuter.execute(Lorg/gradle/api/internal/TaskInternal;Lorg/gradle/api/internal/tasks/TaskStateInternal;Lorg/gradle/api/internal/tasks/TaskExecutionContext;)Lorg/gradle/api/internal/tasks/TaskExecuterResult;+74
j  org.gradle.api.internal.tasks.execution.SkipTaskWithNoActionsExecuter.execute(Lorg/gradle/api/internal/TaskInternal;Lorg/gradle/api/internal/tasks/TaskStateInternal;Lorg/gradle/api/internal/tasks/TaskExecutionContext;)Lorg/gradle/api/internal/tasks/TaskExecuterResult;+120
j  org.gradle.api.internal.tasks.execution.SkipOnlyIfTaskExecuter.execute(Lorg/gradle/api/internal/TaskInternal;Lorg/gradle/api/internal/tasks/TaskStateInternal;Lorg/gradle/api/internal/tasks/TaskExecutionContext;)Lorg/gradle/api/internal/tasks/TaskExecuterResult;+91
j  org.gradle.api.internal.tasks.execution.CatchExceptionTaskExecuter.execute(Lorg/gradle/api/internal/TaskInternal;Lorg/gradle/api/internal/tasks/TaskStateInternal;Lorg/gradle/api/internal/tasks/TaskExecutionContext;)Lorg/gradle/api/internal/tasks/TaskExecuterResult;+7
j  org.gradle.api.internal.tasks.execution.EventFiringTaskExecuter$1.executeTask(Lorg/gradle/internal/operations/BuildOperationContext;)Lorg/gradle/api/internal/tasks/TaskExecuterResult;+136
j  org.gradle.api.internal.tasks.execution.EventFiringTaskExecuter$1.call(Lorg/gradle/internal/operations/BuildOperationContext;)Lorg/gradle/api/internal/tasks/TaskExecuterResult;+2
j  org.gradle.api.internal.tasks.execution.EventFiringTaskExecuter$1.call(Lorg/gradle/internal/operations/BuildOperationContext;)Ljava/lang/Object;+2
J 20745 C1 org.gradle.internal.operations.DefaultBuildOperationExecutor$CallableBuildOperationWorker.execute(Lorg/gradle/internal/operations/BuildOperation;Lorg/gradle/internal/operations/BuildOperationContext;)V (10 bytes) @ 0x00000001130dcaac [0x00000001130dc820+0x28c]
J 9031 C1 org.gradle.internal.operations.DefaultBuildOperationExecutor$1.execute(Lorg/gradle/internal/operations/BuildOperationDescriptor;Lorg/gradle/internal/operations/DefaultBuildOperationExecutor$DefaultBuildOperationContext;Lorg/gradle/internal/operations/DefaultBuildOperationExecutor$BuildOperationExecutionListener;)Lorg/gradle/internal/operations/BuildOperation; (82 bytes) @ 0x00000001115aba9c [0x00000001115ab900+0x19c]
J 8641 C1 org.gradle.internal.operations.DefaultBuildOperationExecutor.execute(Lorg/gradle/internal/operations/BuildOperationDescriptor$Builder;Lorg/gradle/internal/operations/DefaultBuildOperationExecutor$BuildOperationState;Lorg/gradle/internal/operations/DefaultBuildOperationExecutor$BuildOperationExecution;)Lorg/gradle/internal/operations/BuildOperation; (111 bytes) @ 0x0000000111468964 [0x0000000111467900+0x1064]
J 14826 C1 org.gradle.internal.operations.DefaultBuildOperationExecutor.call(Lorg/gradle/internal/operations/CallableBuildOperation;)Ljava/lang/Object; (38 bytes) @ 0x00000001124a5454 [0x00000001124a4ce0+0x774]
J 14825 C1 org.gradle.internal.operations.DelegatingBuildOperationExecutor.call(Lorg/gradle/internal/operations/CallableBuildOperation;)Ljava/lang/Object; (11 bytes) @ 0x00000001124a48d4 [0x00000001124a47c0+0x114]
j  org.gradle.api.internal.tasks.execution.EventFiringTaskExecuter.execute(Lorg/gradle/api/internal/TaskInternal;Lorg/gradle/api/internal/tasks/TaskStateInternal;Lorg/gradle/api/internal/tasks/TaskExecutionContext;)Lorg/gradle/api/internal/tasks/TaskExecuterResult;+15
j  org.gradle.execution.plan.LocalTaskNodeExecutor.execute(Lorg/gradle/execution/plan/Node;Lorg/gradle/api/internal/tasks/NodeExecutionContext;)Z+68
j  org.gradle.execution.taskgraph.DefaultTaskExecutionGraph$InvokeNodeExecutorsAction.execute(Lorg/gradle/execution/plan/Node;)V+49
j  org.gradle.execution.taskgraph.DefaultTaskExecutionGraph$InvokeNodeExecutorsAction.execute(Ljava/lang/Object;)V+5
j  org.gradle.execution.taskgraph.DefaultTaskExecutionGraph$BuildOperationAwareExecutionAction.execute(Lorg/gradle/execution/plan/Node;)V+22
j  org.gradle.execution.taskgraph.DefaultTaskExecutionGraph$BuildOperationAwareExecutionAction.execute(Ljava/lang/Object;)V+5
j  org.gradle.execution.plan.DefaultPlanExecutor$ExecutorWorker.lambda$run$0(Lorg/gradle/internal/time/Timer;Ljava/util/concurrent/atomic/AtomicLong;Lorg/gradle/execution/plan/Node;)V+25
j  org.gradle.execution.plan.DefaultPlanExecutor$ExecutorWorker$$Lambda$627.execute(Ljava/lang/Object;)V+16
j  org.gradle.execution.plan.DefaultPlanExecutor$ExecutorWorker.execute(Lorg/gradle/execution/plan/Node;Lorg/gradle/internal/work/WorkerLeaseRegistry$WorkerLease;Lorg/gradle/api/Action;)V+9
j  org.gradle.execution.plan.DefaultPlanExecutor$ExecutorWorker.executeNextNode(Lorg/gradle/internal/work/WorkerLeaseRegistry$WorkerLease;Lorg/gradle/api/Action;)Z+52
j  org.gradle.execution.plan.DefaultPlanExecutor$ExecutorWorker.run()V+39
J 11472 C1 org.gradle.internal.concurrent.ManagedExecutorImpl$1.run()V (59 bytes) @ 0x0000000111bdf634 [0x0000000111bdf0e0+0x554]
j  java.util.concurrent.ThreadPoolExecutor.runWorker(Ljava/util/concurrent/ThreadPoolExecutor$Worker;)V+95
j  java.util.concurrent.ThreadPoolExecutor$Worker.run()V+5
j  org.gradle.internal.concurrent.ThreadFactoryImpl$ManagedThreadRunnable.run()V+7
j  java.lang.Thread.run()V+11
v  ~StubRoutines::call_stub

---------------  P R O C E S S  ---------------

Java Threads: ( => current thread )
  0x00007f827d715000 JavaThread "Cache worker for execution history cache (/Users/simonvergauwen/Projects/KompileableDoks/.gradle/6.5/executionHistory)" [_thread_blocked, id=78099, stack(0x0000700016d8b000,0x0000700016e8b000)]
  0x00007f8285b73800 JavaThread "Execution worker for ':' Thread 11" [_thread_blocked, id=32027, stack(0x0000700016c88000,0x0000700016d88000)]
  0x00007f8280dde000 JavaThread "Execution worker for ':' Thread 10" [_thread_blocked, id=33559, stack(0x0000700016b85000,0x0000700016c85000)]
  0x00007f8280ddd000 JavaThread "Execution worker for ':' Thread 9" [_thread_blocked, id=76559, stack(0x0000700016a82000,0x0000700016b82000)]
  0x00007f826ad1c000 JavaThread "Execution worker for ':' Thread 8" [_thread_blocked, id=39703, stack(0x000070001697f000,0x0000700016a7f000)]
  0x00007f8280f6d000 JavaThread "Execution worker for ':' Thread 7" [_thread_blocked, id=73491, stack(0x000070001687c000,0x000070001697c000)]
  0x00007f8284a70000 JavaThread "Execution worker for ':' Thread 6" [_thread_blocked, id=75535, stack(0x0000700016779000,0x0000700016879000)]
  0x00007f826aa9c000 JavaThread "Execution worker for ':' Thread 5" [_thread_blocked, id=75791, stack(0x0000700016676000,0x0000700016776000)]
  0x00007f8280e34800 JavaThread "Execution worker for ':' Thread 4" [_thread_blocked, id=76819, stack(0x0000700016573000,0x0000700016673000)]
  0x00007f8280f7c800 JavaThread "Execution worker for ':' Thread 3" [_thread_blocked, id=41495, stack(0x0000700016470000,0x0000700016570000)]
  0x00007f827ade7000 JavaThread "Execution worker for ':' Thread 2" [_thread_blocked, id=34071, stack(0x000070001636d000,0x000070001646d000)]
=>0x00007f827afff800 JavaThread "Execution worker for ':'" [_thread_in_native, id=17439, stack(0x0000700016167000,0x0000700016267000)]
  0x00007f8285e71800 JavaThread "Cache worker for Build Output Cleanup Cache (/Users/simonvergauwen/Projects/KompileableDoks/.gradle/buildOutputCleanup)" [_thread_blocked, id=56079, stack(0x0000700016064000,0x0000700016164000)]
  0x00007f82873c0000 JavaThread "Build operations Thread 12" [_thread_blocked, id=24091, stack(0x000070001420a000,0x000070001430a000)]
  0x00007f8281027800 JavaThread "Build operations Thread 11" [_thread_blocked, id=70675, stack(0x0000700014107000,0x0000700014207000)]
  0x00007f827d1c1800 JavaThread "Build operations Thread 10" [_thread_blocked, id=41751, stack(0x0000700014004000,0x0000700014104000)]
  0x00007f827d1c1000 JavaThread "Build operations Thread 9" [_thread_blocked, id=40471, stack(0x0000700013f01000,0x0000700014001000)]
  0x00007f8280f0d800 JavaThread "Build operations Thread 8" [_thread_blocked, id=31767, stack(0x0000700013dfe000,0x0000700013efe000)]
  0x00007f827c73e800 JavaThread "Build operations Thread 7" [_thread_blocked, id=28951, stack(0x0000700013cfb000,0x0000700013dfb000)]
  0x00007f8285d89000 JavaThread "Build operations Thread 6" [_thread_blocked, id=33307, stack(0x0000700013bf8000,0x0000700013cf8000)]
  0x00007f8280ddf800 JavaThread "Build operations Thread 5" [_thread_blocked, id=77587, stack(0x0000700013af5000,0x0000700013bf5000)]
  0x00007f8280a0c000 JavaThread "Build operations Thread 4" [_thread_blocked, id=37143, stack(0x00007000139f2000,0x0000700013af2000)]
  0x00007f8280f73000 JavaThread "Build operations Thread 3" [_thread_blocked, id=77847, stack(0x00007000138ef000,0x00007000139ef000)]
  0x00007f827c554800 JavaThread "Build operations Thread 2" [_thread_blocked, id=39959, stack(0x00007000137ec000,0x00007000138ec000)]
  0x00007f827c48a800 JavaThread "Build operations" [_thread_blocked, id=35607, stack(0x00007000136e9000,0x00007000137e9000)]
  0x00007f827c5a4000 JavaThread "Cache worker for cache directory md-rule (/Users/simonvergauwen/.gradle/caches/6.5/md-rule)" [_thread_blocked, id=32795, stack(0x0000700012fd4000,0x00007000130d4000)]
  0x00007f82854bf000 JavaThread "Cache worker for cache directory md-supplier (/Users/simonvergauwen/.gradle/caches/6.5/md-supplier)" [_thread_blocked, id=40983, stack(0x0000700012ed1000,0x0000700012fd1000)]
  0x00007f8284cc9000 JavaThread "Cache worker for checksums cache (/Users/simonvergauwen/Projects/KompileableDoks/.gradle/checksums)" [_thread_blocked, id=28439, stack(0x0000700012dce000,0x0000700012ece000)]
  0x00007f8284cca800 JavaThread "Cache worker for file hash cache (/Users/simonvergauwen/Projects/KompileableDoks/.gradle/6.5/fileHashes)" [_thread_blocked, id=71435, stack(0x00007000123b0000,0x00007000124b0000)]
  0x00007f827d1b8000 JavaThread "Thread-276" [_thread_blocked, id=60171, stack(0x0000700011fa4000,0x00007000120a4000)]
  0x00007f8285493800 JavaThread "Stdin handler" [_thread_blocked, id=71947, stack(0x0000700011ea1000,0x0000700011fa1000)]
  0x00007f8280f34000 JavaThread "Asynchronous log dispatcher for DefaultDaemonConnection: socket connection from /127.0.0.1:56244 to /127.0.0.1:56299" [_thread_blocked, id=59915, stack(0x0000700011d9e000,0x0000700011e9e000)]
  0x00007f827d302000 JavaThread "Cancel handler" [_thread_blocked, id=72203, stack(0x0000700011b98000,0x0000700011c98000)]
  0x00007f828515b800 JavaThread "Handler for socket connection from /127.0.0.1:56244 to /127.0.0.1:56299" [_thread_in_native, id=58119, stack(0x0000700011a95000,0x0000700011b95000)]
  0x00007f827ada8000 JavaThread "Keep-Alive-Timer" daemon [_thread_blocked, id=69131, stack(0x00007000182ca000,0x00007000183ca000)]
  0x00007f827c6c1800 JavaThread "RMI TCP Connection(idle)" daemon [_thread_blocked, id=58631, stack(0x00007000177a9000,0x00007000178a9000)]
  0x00007f8284be3000 JavaThread "RMI TCP Connection(idle)" daemon [_thread_blocked, id=73987, stack(0x00007000176a6000,0x00007000177a6000)]
  0x00007f8289bb4800 JavaThread "RMI Reaper" [_thread_blocked, id=57603, stack(0x00007000174a0000,0x00007000175a0000)]
  0x00007f826adc1800 JavaThread "RMI TCP Accept-0" daemon [_thread_in_native, id=57091, stack(0x000070001739d000,0x000070001749d000)]
  0x00007f826adb9000 JavaThread "GC Daemon" daemon [_thread_blocked, id=74243, stack(0x000070001729a000,0x000070001739a000)]
  0x00007f8289baf800 JavaThread "RMI Scheduler(0)" daemon [_thread_blocked, id=56327, stack(0x0000700017094000,0x0000700017194000)]
  0x00007f827c5b1800 JavaThread "process reaper" daemon [_thread_in_native, id=75267, stack(0x0000700010ef1000,0x0000700010f19000)]
  0x00007f8287187800 JavaThread "Memory manager" [_thread_blocked, id=77319, stack(0x000070001626a000,0x000070001636a000)]
  0x00007f8285192800 JavaThread "jar transforms Thread 42" [_thread_blocked, id=80643, stack(0x0000700015f61000,0x0000700016061000)]
  0x00007f8285159800 JavaThread "jar transforms Thread 41" [_thread_blocked, id=81155, stack(0x0000700015e5e000,0x0000700015f5e000)]
  0x00007f8285159000 JavaThread "jar transforms Thread 40" [_thread_blocked, id=81667, stack(0x0000700015d5b000,0x0000700015e5b000)]
  0x00007f8285158000 JavaThread "jar transforms Thread 39" [_thread_blocked, id=81923, stack(0x0000700015c58000,0x0000700015d58000)]
  0x00007f8285157800 JavaThread "jar transforms Thread 38" [_thread_blocked, id=82435, stack(0x0000700015b55000,0x0000700015c55000)]
  0x00007f8285156800 JavaThread "jar transforms Thread 37" [_thread_blocked, id=52227, stack(0x0000700015a52000,0x0000700015b52000)]
  0x00007f8286599000 JavaThread "jar transforms Thread 36" [_thread_blocked, id=51715, stack(0x000070001594f000,0x0000700015a4f000)]
  0x00007f8285156000 JavaThread "jar transforms Thread 35" [_thread_blocked, id=51203, stack(0x000070001584c000,0x000070001594c000)]
  0x00007f8286598000 JavaThread "jar transforms Thread 34" [_thread_blocked, id=50947, stack(0x0000700015749000,0x0000700015849000)]
  0x00007f8285155000 JavaThread "jar transforms Thread 33" [_thread_blocked, id=82947, stack(0x0000700015646000,0x0000700015746000)]
  0x00007f8286597800 JavaThread "jar transforms Thread 32" [_thread_blocked, id=83459, stack(0x0000700015543000,0x0000700015643000)]
  0x00007f8286596800 JavaThread "jar transforms Thread 31" [_thread_blocked, id=50179, stack(0x0000700015440000,0x0000700015540000)]
  0x00007f8286596000 JavaThread "jar transforms Thread 30" [_thread_blocked, id=83715, stack(0x000070001533d000,0x000070001543d000)]
  0x00007f8286595000 JavaThread "jar transforms Thread 29" [_thread_blocked, id=49411, stack(0x000070001523a000,0x000070001533a000)]
  0x00007f8286594800 JavaThread "jar transforms Thread 28" [_thread_blocked, id=49155, stack(0x0000700015137000,0x0000700015237000)]
  0x00007f8286593800 JavaThread "jar transforms Thread 27" [_thread_blocked, id=84227, stack(0x0000700015034000,0x0000700015134000)]
  0x00007f8286593000 JavaThread "jar transforms Thread 26" [_thread_blocked, id=84739, stack(0x0000700014f31000,0x0000700015031000)]
  0x00007f8286539000 JavaThread "jar transforms Thread 25" [_thread_blocked, id=48387, stack(0x0000700014e2e000,0x0000700014f2e000)]
  0x00007f8288512000 JavaThread "jar transforms Thread 24" [_thread_blocked, id=85251, stack(0x0000700014d2b000,0x0000700014e2b000)]
  0x00007f8288511800 JavaThread "jar transforms Thread 23" [_thread_blocked, id=85763, stack(0x0000700014c28000,0x0000700014d28000)]
  0x00007f8285154800 JavaThread "jar transforms Thread 22" [_thread_blocked, id=48131, stack(0x0000700014b25000,0x0000700014c25000)]
  0x00007f8288510800 JavaThread "jar transforms Thread 21" [_thread_blocked, id=47875, stack(0x0000700014a22000,0x0000700014b22000)]
  0x00007f828564a000 JavaThread "jar transforms Thread 20" [_thread_blocked, id=47363, stack(0x000070001491f000,0x0000700014a1f000)]
  0x00007f8288510000 JavaThread "jar transforms Thread 19" [_thread_blocked, id=47107, stack(0x000070001481c000,0x000070001491c000)]
  0x00007f82884a6800 JavaThread "jar transforms Thread 18" [_thread_blocked, id=46595, stack(0x0000700014719000,0x0000700014819000)]
  0x00007f8285649800 JavaThread "jar transforms Thread 17" [_thread_blocked, id=46083, stack(0x0000700014616000,0x0000700014716000)]
  0x00007f827acd6000 JavaThread "jar transforms Thread 16" [_thread_blocked, id=45571, stack(0x0000700014513000,0x0000700014613000)]
  0x00007f8285648800 JavaThread "jar transforms Thread 15" [_thread_blocked, id=45059, stack(0x0000700014410000,0x0000700014510000)]
  0x00007f8288054800 JavaThread "jar transforms Thread 14" [_thread_blocked, id=44547, stack(0x000070001430d000,0x000070001440d000)]
  0x00007f828284b000 JavaThread "jar transforms Thread 13" [_thread_blocked, id=36099, stack(0x00007000135e6000,0x00007000136e6000)]
  0x00007f8285bcb800 JavaThread "jar transforms Thread 12" [_thread_blocked, id=36355, stack(0x00007000134e3000,0x00007000135e3000)]
  0x00007f827adeb800 JavaThread "jar transforms Thread 11" [_thread_blocked, id=30723, stack(0x00007000133e0000,0x00007000134e0000)]
  0x00007f827ade8000 JavaThread "jar transforms Thread 10" [_thread_blocked, id=30467, stack(0x00007000132dd000,0x00007000133dd000)]
  0x00007f828720c800 JavaThread "Cache worker for file content cache (/Users/simonvergauwen/.gradle/caches/6.5/fileContent)" [_thread_blocked, id=29955, stack(0x00007000131da000,0x00007000132da000)]
  0x00007f827d622800 JavaThread "Cache worker for execution history cache (/Users/simonvergauwen/.gradle/caches/6.5/executionHistory)" [_thread_blocked, id=36867, stack(0x00007000130d7000,0x00007000131d7000)]
  0x00007f827d638000 JavaThread "jar transforms Thread 9" [_thread_blocked, id=28163, stack(0x0000700012ccb000,0x0000700012dcb000)]
  0x00007f827a950800 JavaThread "jar transforms Thread 8" [_thread_blocked, id=37635, stack(0x0000700012bc8000,0x0000700012cc8000)]
  0x00007f82862dd800 JavaThread "jar transforms Thread 7" [_thread_blocked, id=37891, stack(0x0000700012ac5000,0x0000700012bc5000)]
  0x00007f827a8bb800 JavaThread "jar transforms Thread 6" [_thread_blocked, id=27395, stack(0x00007000129c2000,0x0000700012ac2000)]
  0x00007f827a96a800 JavaThread "jar transforms Thread 5" [_thread_blocked, id=38659, stack(0x00007000128bf000,0x00007000129bf000)]
  0x00007f827d440000 JavaThread "jar transforms Thread 4" [_thread_blocked, id=39171, stack(0x00007000127bc000,0x00007000128bc000)]
  0x00007f827ca89800 JavaThread "jar transforms Thread 3" [_thread_blocked, id=26883, stack(0x00007000126b9000,0x00007000127b9000)]
  0x00007f827d43f000 JavaThread "jar transforms Thread 2" [_thread_blocked, id=26371, stack(0x00007000125b6000,0x00007000126b6000)]
  0x00007f827c7ff800 JavaThread "jar transforms" [_thread_blocked, id=39427, stack(0x00007000124b3000,0x00007000125b3000)]
  0x00007f827c4d8800 JavaThread "Cache worker for file hash cache (/Users/simonvergauwen/.gradle/caches/6.5/fileHashes)" [_thread_blocked, id=25603, stack(0x00007000122ad000,0x00007000123ad000)]
  0x00007f827c904800 JavaThread "File lock request listener" [_thread_in_native, id=25091, stack(0x00007000121aa000,0x00007000122aa000)]
  0x00007f827b5f9800 JavaThread "Cache worker for journal cache (/Users/simonvergauwen/.gradle/caches/journal-1)" [_thread_blocked, id=40195, stack(0x00007000120a7000,0x00007000121a7000)]
  0x00007f827a9ad800 JavaThread "Daemon worker" [_thread_blocked, id=23811, stack(0x0000700011c9b000,0x0000700011d9b000)]
  0x00007f8280bdb800 JavaThread "Daemon" [_thread_blocked, id=41987, stack(0x0000700011992000,0x0000700011a92000)]
  0x00007f827c909800 JavaThread "Daemon periodic checks" [_thread_blocked, id=22531, stack(0x000070001188f000,0x000070001198f000)]
  0x00007f827a9ac800 JavaThread "Incoming local TCP Connector on port 56244" [_thread_in_native, id=42499, stack(0x000070001178c000,0x000070001188c000)]
  0x00007f828097f800 JavaThread "Daemon health stats" [_thread_blocked, id=42755, stack(0x0000700011689000,0x0000700011789000)]
  0x00007f827d029000 JavaThread "Service Thread" daemon [_thread_blocked, id=21763, stack(0x0000700011483000,0x0000700011583000)]
  0x00007f827d016800 JavaThread "C1 CompilerThread3" daemon [_thread_blocked, id=14851, stack(0x0000700011380000,0x0000700011480000)]
  0x00007f827c029800 JavaThread "C2 CompilerThread2" daemon [_thread_blocked, id=14083, stack(0x000070001127d000,0x000070001137d000)]
  0x00007f827d015000 JavaThread "C2 CompilerThread1" daemon [_thread_blocked, id=15363, stack(0x000070001117a000,0x000070001127a000)]
  0x00007f827c811000 JavaThread "C2 CompilerThread0" daemon [_thread_blocked, id=15619, stack(0x0000700011077000,0x0000700011177000)]
  0x00007f827a860000 JavaThread "Signal Dispatcher" daemon [_thread_blocked, id=16131, stack(0x0000700010f74000,0x0000700011074000)]
  0x00007f827b011000 JavaThread "Finalizer" daemon [_thread_blocked, id=18179, stack(0x0000700010d6b000,0x0000700010e6b000)]
  0x00007f827c80c800 JavaThread "Reference Handler" daemon [_thread_blocked, id=11779, stack(0x0000700010c68000,0x0000700010d68000)]
  0x00007f827a80b800 JavaThread "main" [_thread_blocked, id=3843, stack(0x0000700010044000,0x0000700010144000)]

Other Threads:
  0x00007f827c011800 VMThread [stack: 0x0000700010b65000,0x0000700010c65000] [id=18947]
  0x00007f827d02a000 WatcherThread [stack: 0x0000700011586000,0x0000700011686000] [id=43267]

VM state:not at safepoint (normal execution)

VM Mutex/Monitor currently owned by a thread: None

heap address: 0x00000007d0800000, size: 512 MB, Compressed Oops mode: Zero based, Oop shift amount: 3
Narrow klass base: 0x00000007f0800000, Narrow klass shift: 0
Compressed class space size: 1073741824 Address: 0x00000007f0800000

Heap:
 PSYoungGen      total 116736K, used 14107K [0x00000007e5d80000, 0x00000007f0800000, 0x00000007f0800000)
  eden space 58880K, 1% used [0x00000007e5d80000,0x00000007e5e9d660,0x00000007e9700000)
  from space 57856K, 22% used [0x00000007ecf80000,0x00000007edc297b8,0x00000007f0800000)
  to   space 57856K, 0% used [0x00000007e9700000,0x00000007e9700000,0x00000007ecf80000)
 ParOldGen       total 349696K, used 187915K [0x00000007d0800000, 0x00000007e5d80000, 0x00000007e5d80000)
  object space 349696K, 53% used [0x00000007d0800000,0x00000007dbf82c98,0x00000007e5d80000)
 Metaspace       used 186128K, capacity 191282K, committed 212992K, reserved 1228800K
  class space    used 23539K, capacity 24573K, committed 33408K, reserved 1048576K

Card table byte_map: [0x000000011ecfe000,0x000000011edff000] byte_map_base: 0x000000011ae7a000

Marking Bits: (ParMarkBitMap*) 0x000000010fa63638
 Begin Bits: [0x000000011edff000, 0x000000011f5ff000)
 End Bits:   [0x000000011f5ff000, 0x000000011fdff000)

Polling page: 0x000000010d5a8000

CodeCache: size=245760Kb used=61141Kb max_used=68612Kb free=184618Kb
 bounds [0x000000010fcfe000, 0x000000011406e000, 0x000000011ecfe000]
 total_blobs=19548 nmethods=18517 adapters=944
 compilation: enabled

Compilation events (10 events):
Event: 128.055 Thread 0x00007f827d016800 25982       1       com.fasterxml.jackson.databind.type.TypeBase::getSuperClass (5 bytes)
Event: 128.055 Thread 0x00007f827d016800 nmethod 25982 0x00000001128da8d0 code [0x00000001128daa20, 0x00000001128dab30]
Event: 128.083 Thread 0x00007f827d016800 25994       1       kotlin.reflect.jvm.internal.KParameterImpl::getKind (5 bytes)
Event: 128.083 Thread 0x00007f827d016800 nmethod 25994 0x00000001128da610 code [0x00000001128da760, 0x00000001128da870]
Event: 128.083 Thread 0x00007f827d016800 25995       1       com.fasterxml.jackson.databind.deser.CreatorProperty::getCreatorIndex (5 bytes)
Event: 128.083 Thread 0x00007f827d016800 nmethod 25995 0x00000001128da350 code [0x00000001128da4a0, 0x00000001128da5b0]
Event: 128.095 Thread 0x00007f827c811000 25996 % !   4       java.lang.ref.Finalizer$FinalizerThread::run @ 33 (55 bytes)
Event: 128.100 Thread 0x00007f827d016800 25997       3       java.security.AccessControlContext::optimize (318 bytes)
Event: 128.101 Thread 0x00007f827d016800 nmethod 25997 0x00000001128d7990 code [0x00000001128d7cc0, 0x00000001128d96a8]
Event: 128.102 Thread 0x00007f827d016800 25998       3       sun.misc.JarIndex::getJarIndex (43 bytes)

GC Heap History (10 events):
Event: 118.697 GC heap before
{Heap before GC invocations=72 (full 6):
 PSYoungGen      total 116736K, used 58880K [0x00000007e5d80000, 0x00000007f0800000, 0x00000007f0800000)
  eden space 58880K, 100% used [0x00000007e5d80000,0x00000007e9700000,0x00000007e9700000)
  from space 57856K, 0% used [0x00000007e9700000,0x00000007e9700000,0x00000007ecf80000)
  to   space 57856K, 0% used [0x00000007ecf80000,0x00000007ecf80000,0x00000007f0800000)
 ParOldGen       total 349696K, used 177550K [0x00000007d0800000, 0x00000007e5d80000, 0x00000007e5d80000)
  object space 349696K, 50% used [0x00000007d0800000,0x00000007db563878,0x00000007e5d80000)
 Metaspace       used 173589K, capacity 178710K, committed 212992K, reserved 1228800K
  class space    used 22184K, capacity 23227K, committed 33408K, reserved 1048576K
Event: 118.703 GC heap after
Heap after GC invocations=72 (full 6):
 PSYoungGen      total 116736K, used 10431K [0x00000007e5d80000, 0x00000007f0800000, 0x00000007f0800000)
  eden space 58880K, 0% used [0x00000007e5d80000,0x00000007e5d80000,0x00000007e9700000)
  from space 57856K, 18% used [0x00000007ecf80000,0x00000007ed9afc20,0x00000007f0800000)
  to   space 57856K, 0% used [0x00000007e9700000,0x00000007e9700000,0x00000007ecf80000)
 ParOldGen       total 349696K, used 177558K [0x00000007d0800000, 0x00000007e5d80000, 0x00000007e5d80000)
  object space 349696K, 50% used [0x00000007d0800000,0x00000007db565878,0x00000007e5d80000)
 Metaspace       used 173589K, capacity 178710K, committed 212992K, reserved 1228800K
  class space    used 22184K, capacity 23227K, committed 33408K, reserved 1048576K
}
Event: 118.776 GC heap before
{Heap before GC invocations=73 (full 6):
 PSYoungGen      total 116736K, used 69268K [0x00000007e5d80000, 0x00000007f0800000, 0x00000007f0800000)
  eden space 58880K, 99% used [0x00000007e5d80000,0x00000007e96f5520,0x00000007e9700000)
  from space 57856K, 18% used [0x00000007ecf80000,0x00000007ed9afc20,0x00000007f0800000)
  to   space 57856K, 0% used [0x00000007e9700000,0x00000007e9700000,0x00000007ecf80000)
 ParOldGen       total 349696K, used 177558K [0x00000007d0800000, 0x00000007e5d80000, 0x00000007e5d80000)
  object space 349696K, 50% used [0x00000007d0800000,0x00000007db565878,0x00000007e5d80000)
 Metaspace       used 174004K, capacity 179110K, committed 212992K, reserved 1228800K
  class space    used 22238K, capacity 23267K, committed 33408K, reserved 1048576K
Event: 118.785 GC heap after
Heap after GC invocations=73 (full 6):
 PSYoungGen      total 116736K, used 1540K [0x00000007e5d80000, 0x00000007f0800000, 0x00000007f0800000)
  eden space 58880K, 0% used [0x00000007e5d80000,0x00000007e5d80000,0x00000007e9700000)
  from space 57856K, 2% used [0x00000007e9700000,0x00000007e9881220,0x00000007ecf80000)
  to   space 57856K, 0% used [0x00000007ecf80000,0x00000007ecf80000,0x00000007f0800000)
 ParOldGen       total 349696K, used 183837K [0x00000007d0800000, 0x00000007e5d80000, 0x00000007e5d80000)
  object space 349696K, 52% used [0x00000007d0800000,0x00000007dbb877c8,0x00000007e5d80000)
 Metaspace       used 174004K, capacity 179110K, committed 212992K, reserved 1228800K
  class space    used 22238K, capacity 23267K, committed 33408K, reserved 1048576K
}
Event: 118.804 GC heap before
{Heap before GC invocations=74 (full 6):
 PSYoungGen      total 116736K, used 60420K [0x00000007e5d80000, 0x00000007f0800000, 0x00000007f0800000)
  eden space 58880K, 100% used [0x00000007e5d80000,0x00000007e9700000,0x00000007e9700000)
  from space 57856K, 2% used [0x00000007e9700000,0x00000007e9881220,0x00000007ecf80000)
  to   space 57856K, 0% used [0x00000007ecf80000,0x00000007ecf80000,0x00000007f0800000)
 ParOldGen       total 349696K, used 183837K [0x00000007d0800000, 0x00000007e5d80000, 0x00000007e5d80000)
  object space 349696K, 52% used [0x00000007d0800000,0x00000007dbb877c8,0x00000007e5d80000)
 Metaspace       used 174099K, capacity 179238K, committed 212992K, reserved 1228800K
  class space    used 22239K, capacity 23267K, committed 33408K, reserved 1048576K
Event: 118.809 GC heap after
Heap after GC invocations=74 (full 6):
 PSYoungGen      total 116736K, used 960K [0x00000007e5d80000, 0x00000007f0800000, 0x00000007f0800000)
  eden space 58880K, 0% used [0x00000007e5d80000,0x00000007e5d80000,0x00000007e9700000)
  from space 57856K, 1% used [0x00000007ecf80000,0x00000007ed070090,0x00000007f0800000)
  to   space 57856K, 0% used [0x00000007e9700000,0x00000007e9700000,0x00000007ecf80000)
 ParOldGen       total 349696K, used 184039K [0x00000007d0800000, 0x00000007e5d80000, 0x00000007e5d80000)
  object space 349696K, 52% used [0x00000007d0800000,0x00000007dbbb9d08,0x00000007e5d80000)
 Metaspace       used 174099K, capacity 179238K, committed 212992K, reserved 1228800K
  class space    used 22239K, capacity 23267K, committed 33408K, reserved 1048576K
}
Event: 127.269 GC heap before
{Heap before GC invocations=75 (full 6):
 PSYoungGen      total 116736K, used 59840K [0x00000007e5d80000, 0x00000007f0800000, 0x00000007f0800000)
  eden space 58880K, 100% used [0x00000007e5d80000,0x00000007e9700000,0x00000007e9700000)
  from space 57856K, 1% used [0x00000007ecf80000,0x00000007ed070090,0x00000007f0800000)
  to   space 57856K, 0% used [0x00000007e9700000,0x00000007e9700000,0x00000007ecf80000)
 ParOldGen       total 349696K, used 184039K [0x00000007d0800000, 0x00000007e5d80000, 0x00000007e5d80000)
  object space 349696K, 52% used [0x00000007d0800000,0x00000007dbbb9d08,0x00000007e5d80000)
 Metaspace       used 177505K, capacity 182620K, committed 212992K, reserved 1228800K
  class space    used 22537K, capacity 23572K, committed 33408K, reserved 1048576K
Event: 127.275 GC heap after
Heap after GC invocations=75 (full 6):
 PSYoungGen      total 116736K, used 7342K [0x00000007e5d80000, 0x00000007f0800000, 0x00000007f0800000)
  eden space 58880K, 0% used [0x00000007e5d80000,0x00000007e5d80000,0x00000007e9700000)
  from space 57856K, 12% used [0x00000007e9700000,0x00000007e9e2b928,0x00000007ecf80000)
  to   space 57856K, 0% used [0x00000007ecf80000,0x00000007ecf80000,0x00000007f0800000)
 ParOldGen       total 349696K, used 184123K [0x00000007d0800000, 0x00000007e5d80000, 0x00000007e5d80000)
  object space 349696K, 52% used [0x00000007d0800000,0x00000007dbbced18,0x00000007e5d80000)
 Metaspace       used 177505K, capacity 182620K, committed 212992K, reserved 1228800K
  class space    used 22537K, capacity 23572K, committed 33408K, reserved 1048576K
}
Event: 128.086 GC heap before
{Heap before GC invocations=76 (full 6):
 PSYoungGen      total 116736K, used 66222K [0x00000007e5d80000, 0x00000007f0800000, 0x00000007f0800000)
  eden space 58880K, 100% used [0x00000007e5d80000,0x00000007e9700000,0x00000007e9700000)
  from space 57856K, 12% used [0x00000007e9700000,0x00000007e9e2b928,0x00000007ecf80000)
  to   space 57856K, 0% used [0x00000007ecf80000,0x00000007ecf80000,0x00000007f0800000)
 ParOldGen       total 349696K, used 184123K [0x00000007d0800000, 0x00000007e5d80000, 0x00000007e5d80000)
  object space 349696K, 52% used [0x00000007d0800000,0x00000007dbbced18,0x00000007e5d80000)
 Metaspace       used 186081K, capacity 191218K, committed 212992K, reserved 1228800K
  class space    used 23536K, capacity 24573K, committed 33408K, reserved 1048576K
Event: 128.094 GC heap after
Heap after GC invocations=76 (full 6):
 PSYoungGen      total 116736K, used 12965K [0x00000007e5d80000, 0x00000007f0800000, 0x00000007f0800000)
  eden space 58880K, 0% used [0x00000007e5d80000,0x00000007e5d80000,0x00000007e9700000)
  from space 57856K, 22% used [0x00000007ecf80000,0x00000007edc297b8,0x00000007f0800000)
  to   space 57856K, 0% used [0x00000007e9700000,0x00000007e9700000,0x00000007ecf80000)
 ParOldGen       total 349696K, used 187915K [0x00000007d0800000, 0x00000007e5d80000, 0x00000007e5d80000)
  object space 349696K, 53% used [0x00000007d0800000,0x00000007dbf82c98,0x00000007e5d80000)
 Metaspace       used 186081K, capacity 191218K, committed 212992K, reserved 1228800K
  class space    used 23536K, capacity 24573K, committed 33408K, reserved 1048576K
}

Deoptimization events (10 events):
Event: 119.019 Thread 0x00007f8280f73000 Uncommon trap: reason=class_check action=maybe_recompile pc=0x00000001116edb78 method=java.util.regex.Matcher.getSubSequence(II)Ljava/lang/CharSequence; @ 6
Event: 127.095 Thread 0x00007f827afff800 Uncommon trap: reason=array_check action=maybe_recompile pc=0x00000001128783a8 method=java.util.ComparableTimSort.binarySort([Ljava/lang/Object;III)V @ 183
Event: 127.663 Thread 0x00007f827afff800 Uncommon trap: reason=unstable_if action=reinterpret pc=0x0000000112bc2a30 method=kotlin.reflect.jvm.internal.impl.protobuf.CodedInputStream.readRawVarint32()I @ 10
Event: 127.702 Thread 0x00007f827afff800 Uncommon trap: reason=bimorphic action=maybe_recompile pc=0x0000000112f75e3c method=kotlin.reflect.jvm.internal.impl.protobuf.CodedInputStream.tryRefillBuffer(I)Z @ 175
Event: 127.702 Thread 0x00007f827afff800 Uncommon trap: reason=bimorphic action=maybe_recompile pc=0x0000000112f75e3c method=kotlin.reflect.jvm.internal.impl.protobuf.CodedInputStream.tryRefillBuffer(I)Z @ 175
Event: 127.710 Thread 0x00007f827afff800 Uncommon trap: reason=bimorphic action=maybe_recompile pc=0x0000000112f75e3c method=kotlin.reflect.jvm.internal.impl.protobuf.CodedInputStream.tryRefillBuffer(I)Z @ 175
Event: 127.710 Thread 0x00007f827afff800 Uncommon trap: reason=bimorphic action=maybe_recompile pc=0x0000000112f75e3c method=kotlin.reflect.jvm.internal.impl.protobuf.CodedInputStream.tryRefillBuffer(I)Z @ 175
Event: 127.800 Thread 0x00007f827afff800 Uncommon trap: reason=unstable_if action=reinterpret pc=0x0000000113c5c184 method=kotlin.reflect.jvm.internal.impl.protobuf.CodedInputStream.readRawVarint32()I @ 69
Event: 127.801 Thread 0x00007f827afff800 Uncommon trap: reason=unstable_if action=reinterpret pc=0x0000000113c5c784 method=kotlin.reflect.jvm.internal.impl.protobuf.CodedInputStream.readRawVarint32()I @ 69
Event: 127.867 Thread 0x00007f827afff800 Uncommon trap: reason=null_check action=make_not_entrant pc=0x00000001138ed600 method=java.lang.Class.getGenericSuperclass()Ljava/lang/reflect/Type; @ 10

Classes redefined (0 events):
No events

Internal exceptions (10 events):
Event: 117.935 Thread 0x00007f8280f73000 Exception <a 'sun/nio/fs/UnixException'> (0x00000007e6d951d0) thrown at [/Users/jenkins/workspace/build-scripts/jobs/jdk8u/jdk8u-mac-x64-hotspot/workspace/build/src/hotspot/src/share/vm/prims/jni.cpp, line 710]
Event: 117.935 Thread 0x00007f8280f73000 Exception <a 'sun/nio/fs/UnixException'> (0x00000007e6d96f98) thrown at [/Users/jenkins/workspace/build-scripts/jobs/jdk8u/jdk8u-mac-x64-hotspot/workspace/build/src/hotspot/src/share/vm/prims/jni.cpp, line 710]
Event: 117.935 Thread 0x00007f8280f73000 Exception <a 'sun/nio/fs/UnixException'> (0x00000007e6d9c048) thrown at [/Users/jenkins/workspace/build-scripts/jobs/jdk8u/jdk8u-mac-x64-hotspot/workspace/build/src/hotspot/src/share/vm/prims/jni.cpp, line 710]
Event: 117.935 Thread 0x00007f8280f73000 Exception <a 'sun/nio/fs/UnixException'> (0x00000007e6d9de68) thrown at [/Users/jenkins/workspace/build-scripts/jobs/jdk8u/jdk8u-mac-x64-hotspot/workspace/build/src/hotspot/src/share/vm/prims/jni.cpp, line 710]
Event: 117.935 Thread 0x00007f8280f73000 Exception <a 'sun/nio/fs/UnixException'> (0x00000007e6da3788) thrown at [/Users/jenkins/workspace/build-scripts/jobs/jdk8u/jdk8u-mac-x64-hotspot/workspace/build/src/hotspot/src/share/vm/prims/jni.cpp, line 710]
Event: 117.936 Thread 0x00007f8280f73000 Exception <a 'sun/nio/fs/UnixException'> (0x00000007e6da5540) thrown at [/Users/jenkins/workspace/build-scripts/jobs/jdk8u/jdk8u-mac-x64-hotspot/workspace/build/src/hotspot/src/share/vm/prims/jni.cpp, line 710]
Event: 117.936 Thread 0x00007f8280f73000 Exception <a 'sun/nio/fs/UnixException'> (0x00000007e6daae20) thrown at [/Users/jenkins/workspace/build-scripts/jobs/jdk8u/jdk8u-mac-x64-hotspot/workspace/build/src/hotspot/src/share/vm/prims/jni.cpp, line 710]
Event: 117.936 Thread 0x00007f8280f73000 Exception <a 'sun/nio/fs/UnixException'> (0x00000007e6dacbc0) thrown at [/Users/jenkins/workspace/build-scripts/jobs/jdk8u/jdk8u-mac-x64-hotspot/workspace/build/src/hotspot/src/share/vm/prims/jni.cpp, line 710]
Event: 117.936 Thread 0x00007f8280f73000 Exception <a 'sun/nio/fs/UnixException'> (0x00000007e6db1b70) thrown at [/Users/jenkins/workspace/build-scripts/jobs/jdk8u/jdk8u-mac-x64-hotspot/workspace/build/src/hotspot/src/share/vm/prims/jni.cpp, line 710]
Event: 117.936 Thread 0x00007f8280f73000 Exception <a 'sun/nio/fs/UnixException'> (0x00000007e6db38d0) thrown at [/Users/jenkins/workspace/build-scripts/jobs/jdk8u/jdk8u-mac-x64-hotspot/workspace/build/src/hotspot/src/share/vm/prims/jni.cpp, line 710]

Events (10 events):
Event: 128.095 loading class org/jetbrains/dokka/plugability/DokkaContextConfiguration
Event: 128.095 loading class org/jetbrains/dokka/plugability/DokkaContextConfiguration done
Event: 128.096 loading class kotlin/KotlinNothingValueException
Event: 128.096 loading class kotlin/KotlinNothingValueException done
Event: 128.100 loading class org/jetbrains/dokka/plugability/DokkaContextKt
Event: 128.100 loading class org/jetbrains/dokka/plugability/DokkaContextKt done
Event: 128.102 Thread 0x00007f827d016800 flushing nmethod 0x000000010fe93010
Event: 128.102 Thread 0x00007f827d016800 flushing nmethod 0x000000010ff35310
Event: 128.102 loading class org/jetbrains/dokka/plugability/DokkaPlugin
Event: 128.102 loading class org/jetbrains/dokka/plugability/DokkaPlugin done


Dynamic libraries:
0x00007fff32860000 	/System/Library/Frameworks/Cocoa.framework/Versions/A/Cocoa
0x00007fff40069000 	/System/Library/Frameworks/Security.framework/Versions/A/Security
0x00007fff317c5000 	/System/Library/Frameworks/ApplicationServices.framework/Versions/A/ApplicationServices
0x00007fff6cd8d000 	/usr/lib/libz.1.dylib
0x00007fff6a851000 	/usr/lib/libSystem.B.dylib
0x00007fff33702000 	/System/Library/Frameworks/CoreFoundation.framework/Versions/A/CoreFoundation
0x00007fff35dbf000 	/System/Library/Frameworks/Foundation.framework/Versions/C/Foundation
0x00007fff6c6b1000 	/usr/lib/libobjc.A.dylib
0x00007fff309b5000 	/System/Library/Frameworks/AppKit.framework/Versions/C/AppKit
0x00007fff331e4000 	/System/Library/Frameworks/CoreData.framework/Versions/A/CoreData
0x00007fff6484c000 	/System/Library/PrivateFrameworks/UIFoundation.framework/Versions/A/UIFoundation
0x00007fff5f8e0000 	/System/Library/PrivateFrameworks/RemoteViewServices.framework/Versions/A/RemoteViewServices
0x00007fff673c1000 	/System/Library/PrivateFrameworks/XCTTargetBootstrap.framework/Versions/A/XCTTargetBootstrap
0x00007fff335cf000 	/System/Library/Frameworks/CoreDisplay.framework/Versions/A/CoreDisplay
0x00007fff38c79000 	/System/Library/Frameworks/Metal.framework/Versions/A/Metal
0x00007fff4d884000 	/System/Library/PrivateFrameworks/DesktopServicesPriv.framework/Versions/A/DesktopServicesPriv
0x00007fff6b98c000 	/usr/lib/liblangid.dylib
0x00007fff4cb19000 	/System/Library/PrivateFrameworks/CoreSVG.framework/Versions/A/CoreSVG
0x00007fff62a3c000 	/System/Library/PrivateFrameworks/SkyLight.framework/Versions/A/SkyLight
0x00007fff33b83000 	/System/Library/Frameworks/CoreGraphics.framework/Versions/A/CoreGraphics
0x00007fff2f389000 	/System/Library/Frameworks/Accelerate.framework/Versions/A/Accelerate
0x00007fff6cc7e000 	/usr/lib/libxml2.2.dylib
0x00007fff58826000 	/System/Library/PrivateFrameworks/IconServices.framework/Versions/A/IconServices
0x00007fff3659e000 	/System/Library/Frameworks/IOSurface.framework/Versions/A/IOSurface
0x00007fff6a37b000 	/usr/lib/libDiagnosticMessagesClient.dylib
0x00007fff4d6de000 	/System/Library/PrivateFrameworks/DFRFoundation.framework/Versions/A/DFRFoundation
0x00007fff6b71b000 	/usr/lib/libicucore.A.dylib
0x00007fff31af7000 	/System/Library/Frameworks/AudioToolbox.framework/Versions/A/AudioToolbox
0x00007fff31bda000 	/System/Library/Frameworks/AudioUnit.framework/Versions/A/AudioUnit
0x00007fff6aa53000 	/usr/lib/libauto.dylib
0x00007fff4d780000 	/System/Library/PrivateFrameworks/DataDetectorsCore.framework/Versions/A/DataDetectorsCore
0x00007fff32381000 	/System/Library/Frameworks/Carbon.framework/Versions/A/Frameworks/HIToolbox.framework/Versions/A/HIToolbox
0x00007fff3f263000 	/System/Library/Frameworks/QuartzCore.framework/Versions/A/QuartzCore
0x00007fff326c0000 	/System/Library/Frameworks/Carbon.framework/Versions/A/Frameworks/SpeechRecognition.framework/Versions/A/SpeechRecognition
0x00007fff4d1f2000 	/System/Library/PrivateFrameworks/CoreUI.framework/Versions/A/CoreUI
0x00007fff32c4f000 	/System/Library/Frameworks/CoreAudio.framework/Versions/A/CoreAudio
0x00007fff35a7e000 	/System/Library/Frameworks/DiskArbitration.framework/Versions/A/DiskArbitration
0x00007fff5a8ba000 	/System/Library/PrivateFrameworks/MultitouchSupport.framework/Versions/A/MultitouchSupport
0x00007fff6b5e2000 	/usr/lib/libenergytrace.dylib
0x00007fff364f8000 	/System/Library/Frameworks/IOKit.framework/Versions/A/IOKit
0x00007fff34aea000 	/System/Library/Frameworks/CoreServices.framework/Versions/A/CoreServices
0x00007fff5ca73000 	/System/Library/PrivateFrameworks/PerformanceAnalysis.framework/Versions/A/PerformanceAnalysis
0x00007fff3e296000 	/System/Library/Frameworks/OpenGL.framework/Versions/A/OpenGL
0x00007fff3286e000 	/System/Library/Frameworks/ColorSync.framework/Versions/A/ColorSync
0x00007fff34206000 	/System/Library/Frameworks/CoreImage.framework/Versions/A/CoreImage
0x00007fff3555d000 	/System/Library/Frameworks/CoreText.framework/Versions/A/CoreText
0x00007fff3662e000 	/System/Library/Frameworks/ImageIO.framework/Versions/A/ImageIO
0x00007fff6ab37000 	/usr/lib/libc++.1.dylib
0x00007fff6abb3000 	/usr/lib/libcompression.dylib
0x00007fff6a6bf000 	/usr/lib/libMobileGestalt.dylib
0x00007fff645b6000 	/System/Library/PrivateFrameworks/TextureIO.framework/Versions/A/TextureIO
0x00007fff6a9b6000 	/usr/lib/libate.dylib
0x00007fff58a2f000 	/System/Library/PrivateFrameworks/InternationalSupport.framework/Versions/A/InternationalSupport
0x00007fff6d64e000 	/usr/lib/system/libcache.dylib
0x00007fff6d654000 	/usr/lib/system/libcommonCrypto.dylib
0x00007fff6d660000 	/usr/lib/system/libcompiler_rt.dylib
0x00007fff6d668000 	/usr/lib/system/libcopyfile.dylib
0x00007fff6d672000 	/usr/lib/system/libcorecrypto.dylib
0x00007fff6d811000 	/usr/lib/system/libdispatch.dylib
0x00007fff6d852000 	/usr/lib/system/libdyld.dylib
0x00007fff6d889000 	/usr/lib/system/libkeymgr.dylib
0x00007fff6d897000 	/usr/lib/system/liblaunch.dylib
0x00007fff6d898000 	/usr/lib/system/libmacho.dylib
0x00007fff6d89e000 	/usr/lib/system/libquarantine.dylib
0x00007fff6d8a1000 	/usr/lib/system/libremovefile.dylib
0x00007fff6d8a3000 	/usr/lib/system/libsystem_asl.dylib
0x00007fff6d8bb000 	/usr/lib/system/libsystem_blocks.dylib
0x00007fff6d8bc000 	/usr/lib/system/libsystem_c.dylib
0x00007fff6d944000 	/usr/lib/system/libsystem_configuration.dylib
0x00007fff6d948000 	/usr/lib/system/libsystem_coreservices.dylib
0x00007fff6d94c000 	/usr/lib/system/libsystem_darwin.dylib
0x00007fff6d955000 	/usr/lib/system/libsystem_dnssd.dylib
0x00007fff6d95d000 	/usr/lib/system/libsystem_featureflags.dylib
0x00007fff6d95f000 	/usr/lib/system/libsystem_info.dylib
0x00007fff6d9da000 	/usr/lib/system/libsystem_m.dylib
0x00007fff6da22000 	/usr/lib/system/libsystem_malloc.dylib
0x00007fff6da4a000 	/usr/lib/system/libsystem_networkextension.dylib
0x00007fff6da58000 	/usr/lib/system/libsystem_notify.dylib
0x00007fff6da76000 	/usr/lib/system/libsystem_sandbox.dylib
0x00007fff6da7b000 	/usr/lib/system/libsystem_secinit.dylib
0x00007fff6d9ad000 	/usr/lib/system/libsystem_kernel.dylib
0x00007fff6da62000 	/usr/lib/system/libsystem_platform.dylib
0x00007fff6da6b000 	/usr/lib/system/libsystem_pthread.dylib
0x00007fff6da7e000 	/usr/lib/system/libsystem_symptoms.dylib
0x00007fff6da86000 	/usr/lib/system/libsystem_trace.dylib
0x00007fff6da9e000 	/usr/lib/system/libunwind.dylib
0x00007fff6daa4000 	/usr/lib/system/libxpc.dylib
0x00007fff6ab8a000 	/usr/lib/libc++abi.dylib
0x00007fff6b98e000 	/usr/lib/liblzma.5.dylib
0x00007fff6b609000 	/usr/lib/libfakelink.dylib
0x00007fff6a943000 	/usr/lib/libarchive.2.dylib
0x00007fff4111a000 	/System/Library/Frameworks/SystemConfiguration.framework/Versions/A/SystemConfiguration
0x00007fff6a2ae000 	/usr/lib/libCRFSuite.dylib
0x00007fff31f71000 	/System/Library/Frameworks/CFNetwork.framework/Versions/A/CFNetwork
0x00007fff6ab19000 	/usr/lib/libbsm.0.dylib
0x00007fff6d88a000 	/usr/lib/system/libkxld.dylib
0x00007fff4705a000 	/System/Library/PrivateFrameworks/AppleFSCompression.framework/Versions/A/AppleFSCompression
0x00007fff6aea4000 	/usr/lib/libcoretls.dylib
0x00007fff6aebb000 	/usr/lib/libcoretls_cfhelpers.dylib
0x00007fff6c6f7000 	/usr/lib/libpam.2.dylib
0x00007fff6c82c000 	/usr/lib/libsqlite3.dylib
0x00007fff6cc6b000 	/usr/lib/libxar.1.dylib
0x00007fff6ab2a000 	/usr/lib/libbz2.1.0.dylib
0x00007fff6b62a000 	/usr/lib/libiconv.2.dylib
0x00007fff6aba0000 	/usr/lib/libcharset.1.dylib
0x00007fff6c194000 	/usr/lib/libnetwork.dylib
0x00007fff6c6fe000 	/usr/lib/libpcap.A.dylib
0x00007fff6a8f8000 	/usr/lib/libapple_nghttp2.dylib
0x00007fff34ea1000 	/System/Library/Frameworks/CoreServices.framework/Versions/A/Frameworks/FSEvents.framework/Versions/A/FSEvents
0x00007fff34b71000 	/System/Library/Frameworks/CoreServices.framework/Versions/A/Frameworks/CarbonCore.framework/Versions/A/CarbonCore
0x00007fff350e5000 	/System/Library/Frameworks/CoreServices.framework/Versions/A/Frameworks/Metadata.framework/Versions/A/Metadata
0x00007fff3517e000 	/System/Library/Frameworks/CoreServices.framework/Versions/A/Frameworks/OSServices.framework/Versions/A/OSServices
0x00007fff351ac000 	/System/Library/Frameworks/CoreServices.framework/Versions/A/Frameworks/SearchKit.framework/Versions/A/SearchKit
0x00007fff34aeb000 	/System/Library/Frameworks/CoreServices.framework/Versions/A/Frameworks/AE.framework/Versions/A/AE
0x00007fff34eaa000 	/System/Library/Frameworks/CoreServices.framework/Versions/A/Frameworks/LaunchServices.framework/Versions/A/LaunchServices
0x00007fff34e53000 	/System/Library/Frameworks/CoreServices.framework/Versions/A/Frameworks/DictionaryServices.framework/Versions/A/DictionaryServices
0x00007fff35214000 	/System/Library/Frameworks/CoreServices.framework/Versions/A/Frameworks/SharedFileList.framework/Versions/A/SharedFileList
0x00007fff3a0b5000 	/System/Library/Frameworks/NetFS.framework/Versions/A/NetFS
0x00007fff5adea000 	/System/Library/PrivateFrameworks/NetAuth.framework/Versions/A/NetAuth
0x00007fff6778e000 	/System/Library/PrivateFrameworks/login.framework/Versions/A/Frameworks/loginsupport.framework/Versions/A/loginsupport
0x00007fff64081000 	/System/Library/PrivateFrameworks/TCC.framework/Versions/A/TCC
0x00007fff4bc8c000 	/System/Library/PrivateFrameworks/CoreNLP.framework/Versions/A/CoreNLP
0x00007fff5a2a3000 	/System/Library/PrivateFrameworks/MetadataUtilities.framework/Versions/A/MetadataUtilities
0x00007fff6ba66000 	/usr/lib/libmecabra.dylib
0x00007fff6b9be000 	/usr/lib/libmecab.dylib
0x00007fff6b61a000 	/usr/lib/libgermantok.dylib
0x00007fff6a8df000 	/usr/lib/libThaiTokenizer.dylib
0x00007fff6a2e5000 	/usr/lib/libChineseTokenizer.dylib
0x00007fff2f3a1000 	/System/Library/Frameworks/Accelerate.framework/Versions/A/Frameworks/vImage.framework/Versions/A/vImage
0x00007fff3080b000 	/System/Library/Frameworks/Accelerate.framework/Versions/A/Frameworks/vecLib.framework/Versions/A/vecLib
0x00007fff30748000 	/System/Library/Frameworks/Accelerate.framework/Versions/A/Frameworks/vecLib.framework/Versions/A/libvMisc.dylib
0x00007fff30570000 	/System/Library/Frameworks/Accelerate.framework/Versions/A/Frameworks/vecLib.framework/Versions/A/libvDSP.dylib
0x00007fff2f9f8000 	/System/Library/Frameworks/Accelerate.framework/Versions/A/Frameworks/vecLib.framework/Versions/A/libBLAS.dylib
0x00007fff30134000 	/System/Library/Frameworks/Accelerate.framework/Versions/A/Frameworks/vecLib.framework/Versions/A/libLAPACK.dylib
0x00007fff304d0000 	/System/Library/Frameworks/Accelerate.framework/Versions/A/Frameworks/vecLib.framework/Versions/A/libLinearAlgebra.dylib
0x00007fff3055d000 	/System/Library/Frameworks/Accelerate.framework/Versions/A/Frameworks/vecLib.framework/Versions/A/libSparseBLAS.dylib
0x00007fff304e6000 	/System/Library/Frameworks/Accelerate.framework/Versions/A/Frameworks/vecLib.framework/Versions/A/libQuadrature.dylib
0x00007fff2fc60000 	/System/Library/Frameworks/Accelerate.framework/Versions/A/Frameworks/vecLib.framework/Versions/A/libBNNS.dylib
0x00007fff304ec000 	/System/Library/Frameworks/Accelerate.framework/Versions/A/Frameworks/vecLib.framework/Versions/A/libSparse.dylib
0x00007fff58e17000 	/System/Library/PrivateFrameworks/LanguageModeling.framework/Versions/A/LanguageModeling
0x00007fff4b63c000 	/System/Library/PrivateFrameworks/CoreEmoji.framework/Versions/A/CoreEmoji
0x00007fff58f35000 	/System/Library/PrivateFrameworks/LinguisticData.framework/Versions/A/LinguisticData
0x00007fff58ee6000 	/System/Library/PrivateFrameworks/Lexicon.framework/Versions/A/Lexicon
0x00007fff6aba1000 	/usr/lib/libcmph.dylib
0x00007fff3cca4000 	/System/Library/Frameworks/OpenDirectory.framework/Versions/A/Frameworks/CFOpenDirectory.framework/Versions/A/CFOpenDirectory
0x00007fff3ccc1000 	/System/Library/Frameworks/OpenDirectory.framework/Versions/A/OpenDirectory
0x00007fff45104000 	/System/Library/PrivateFrameworks/APFS.framework/Versions/A/APFS
0x00007fff403b3000 	/System/Library/Frameworks/SecurityFoundation.framework/Versions/A/SecurityFoundation
0x00007fff6cc67000 	/usr/lib/libutil.dylib
0x00007fff4cb71000 	/System/Library/PrivateFrameworks/CoreServicesStore.framework/Versions/A/CoreServicesStore
0x00007fff4046a000 	/System/Library/Frameworks/ServiceManagement.framework/Versions/A/ServiceManagement
0x00007fff4882a000 	/System/Library/PrivateFrameworks/BackgroundTaskManagement.framework/Versions/A/BackgroundTaskManagement
0x00007fff6cd64000 	/usr/lib/libxslt.1.dylib
0x00007fff476cd000 	/System/Library/PrivateFrameworks/AppleSystemInfo.framework/Versions/A/AppleSystemInfo
0x00007fff3684a000 	/System/Library/Frameworks/ImageIO.framework/Versions/A/Resources/libJPEG.dylib
0x00007fff36b07000 	/System/Library/Frameworks/ImageIO.framework/Versions/A/Resources/libTIFF.dylib
0x00007fff36aea000 	/System/Library/Frameworks/ImageIO.framework/Versions/A/Resources/libPng.dylib
0x00007fff3678c000 	/System/Library/Frameworks/ImageIO.framework/Versions/A/Resources/libGIF.dylib
0x00007fff36790000 	/System/Library/Frameworks/ImageIO.framework/Versions/A/Resources/libJP2.dylib
0x00007fff36b05000 	/System/Library/Frameworks/ImageIO.framework/Versions/A/Resources/libRadiance.dylib
0x00007fff6b5e3000 	/usr/lib/libexpat.1.dylib
0x00007fff471b5000 	/System/Library/PrivateFrameworks/AppleJPEG.framework/Versions/A/AppleJPEG
0x00007fff4fe87000 	/System/Library/PrivateFrameworks/FontServices.framework/libFontParser.dylib
0x00007fff66790000 	/System/Library/PrivateFrameworks/WatchdogClient.framework/Versions/A/WatchdogClient
0x00007fff58472000 	/System/Library/PrivateFrameworks/IOAccelerator.framework/Versions/A/IOAccelerator
0x00007fff39014000 	/System/Library/Frameworks/MetalPerformanceShaders.framework/Versions/A/MetalPerformanceShaders
0x00007fff54c02000 	/System/Library/PrivateFrameworks/GPUWrangler.framework/Versions/A/GPUWrangler
0x00007fff58487000 	/System/Library/PrivateFrameworks/IOPresentment.framework/Versions/A/IOPresentment
0x00007fff4d6f1000 	/System/Library/PrivateFrameworks/DSExternalDisplay.framework/Versions/A/DSExternalDisplay
0x00007fff3d635000 	/System/Library/Frameworks/OpenGL.framework/Versions/A/Libraries/libCoreFSCache.dylib
0x00007fff38d60000 	/System/Library/Frameworks/MetalPerformanceShaders.framework/Frameworks/MPSCore.framework/Versions/A/MPSCore
0x00007fff38d9e000 	/System/Library/Frameworks/MetalPerformanceShaders.framework/Frameworks/MPSImage.framework/Versions/A/MPSImage
0x00007fff38e65000 	/System/Library/Frameworks/MetalPerformanceShaders.framework/Frameworks/MPSNeuralNetwork.framework/Versions/A/MPSNeuralNetwork
0x00007fff38e29000 	/System/Library/Frameworks/MetalPerformanceShaders.framework/Frameworks/MPSMatrix.framework/Versions/A/MPSMatrix
0x00007fff38fc4000 	/System/Library/Frameworks/MetalPerformanceShaders.framework/Frameworks/MPSRayIntersector.framework/Versions/A/MPSRayIntersector
0x00007fff38e4f000 	/System/Library/Frameworks/MetalPerformanceShaders.framework/Frameworks/MPSNDArray.framework/Versions/A/MPSNDArray
0x00007fff5a2f0000 	/System/Library/PrivateFrameworks/MetalTools.framework/Versions/A/MetalTools
0x00007fff462de000 	/System/Library/PrivateFrameworks/AggregateDictionary.framework/Versions/A/AggregateDictionary
0x00007fff4b084000 	/System/Library/PrivateFrameworks/CoreAnalytics.framework/Versions/A/CoreAnalytics
0x00007fff475ec000 	/System/Library/PrivateFrameworks/AppleSauce.framework/Versions/A/AppleSauce
0x00007fff6a5a1000 	/usr/lib/libIOReport.dylib
0x00007fff35715000 	/System/Library/Frameworks/CoreVideo.framework/Versions/A/CoreVideo
0x00007fff5607b000 	/System/Library/PrivateFrameworks/GraphVisualizer.framework/Versions/A/GraphVisualizer
0x00007fff4f3cd000 	/System/Library/PrivateFrameworks/FaceCore.framework/Versions/A/FaceCore
0x00007fff3cc4b000 	/System/Library/Frameworks/OpenCL.framework/Versions/A/OpenCL
0x00007fff6a3c3000 	/usr/lib/libFosl_dynamic.dylib
0x00007fff5b80b000 	/System/Library/PrivateFrameworks/OTSVG.framework/Versions/A/OTSVG
0x00007fff318ca000 	/System/Library/Frameworks/ApplicationServices.framework/Versions/A/Frameworks/ATS.framework/Versions/A/Resources/libFontRegistry.dylib
0x00007fff50056000 	/System/Library/PrivateFrameworks/FontServices.framework/libhvf.dylib
0x00007fff3d640000 	/System/Library/Frameworks/OpenGL.framework/Versions/A/Libraries/libGFXShared.dylib
0x00007fff3d81e000 	/System/Library/Frameworks/OpenGL.framework/Versions/A/Libraries/libGLU.dylib
0x00007fff3d649000 	/System/Library/Frameworks/OpenGL.framework/Versions/A/Libraries/libGL.dylib
0x00007fff3d654000 	/System/Library/Frameworks/OpenGL.framework/Versions/A/Libraries/libGLImage.dylib
0x00007fff3d632000 	/System/Library/Frameworks/OpenGL.framework/Versions/A/Libraries/libCVMSPluginSupport.dylib
0x00007fff3d63b000 	/System/Library/Frameworks/OpenGL.framework/Versions/A/Libraries/libCoreVMClient.dylib
0x00007fff6c035000 	/usr/lib/libncurses.5.4.dylib
0x00007fff317c6000 	/System/Library/Frameworks/ApplicationServices.framework/Versions/A/Frameworks/ATS.framework/Versions/A/ATS
0x00007fff31993000 	/System/Library/Frameworks/ApplicationServices.framework/Versions/A/Frameworks/ColorSyncLegacy.framework/Versions/A/ColorSyncLegacy
0x00007fff31a31000 	/System/Library/Frameworks/ApplicationServices.framework/Versions/A/Frameworks/HIServices.framework/Versions/A/HIServices
0x00007fff31a89000 	/System/Library/Frameworks/ApplicationServices.framework/Versions/A/Frameworks/LangAnalysis.framework/Versions/A/LangAnalysis
0x00007fff31a98000 	/System/Library/Frameworks/ApplicationServices.framework/Versions/A/Frameworks/PrintCore.framework/Versions/A/PrintCore
0x00007fff31ade000 	/System/Library/Frameworks/ApplicationServices.framework/Versions/A/Frameworks/QD.framework/Versions/A/QD
0x00007fff31ae9000 	/System/Library/Frameworks/ApplicationServices.framework/Versions/A/Frameworks/SpeechSynthesis.framework/Versions/A/SpeechSynthesis
0x00007fff31963000 	/System/Library/Frameworks/ApplicationServices.framework/Versions/A/Frameworks/ATSUI.framework/Versions/A/ATSUI
0x00007fff6b479000 	/usr/lib/libcups.2.dylib
0x00007fff380af000 	/System/Library/Frameworks/Kerberos.framework/Versions/A/Kerberos
0x00007fff361f1000 	/System/Library/Frameworks/GSS.framework/Versions/A/GSS
0x00007fff6c7b8000 	/usr/lib/libresolv.9.dylib
0x00007fff56228000 	/System/Library/PrivateFrameworks/Heimdal.framework/Versions/A/Heimdal
0x00007fff380c2000 	/System/Library/Frameworks/Kerberos.framework/Versions/A/Libraries/libHeimdalProxy.dylib
0x00007fff6b620000 	/usr/lib/libheimdal-asn1.dylib
0x00007fff4a51c000 	/System/Library/PrivateFrameworks/CommonAuth.framework/Versions/A/CommonAuth
0x00007fff4776a000 	/System/Library/PrivateFrameworks/AssertionServices.framework/Versions/A/AssertionServices
0x00007fff4830d000 	/System/Library/PrivateFrameworks/AudioToolboxCore.framework/Versions/A/AudioToolboxCore
0x00007fff6743e000 	/System/Library/PrivateFrameworks/caulk.framework/Versions/A/caulk
0x00007fff488d6000 	/System/Library/PrivateFrameworks/BaseBoard.framework/Versions/A/BaseBoard
0x00007fff5fa6e000 	/System/Library/PrivateFrameworks/RunningBoardServices.framework/Versions/A/RunningBoardServices
0x00007fff5ca7f000 	/System/Library/PrivateFrameworks/PersistentConnection.framework/Versions/A/PersistentConnection
0x00007fff5f467000 	/System/Library/PrivateFrameworks/ProtocolBuffer.framework/Versions/A/ProtocolBuffer
0x00007fff4a540000 	/System/Library/PrivateFrameworks/CommonUtilities.framework/Versions/A/CommonUtilities
0x00007fff48a64000 	/System/Library/PrivateFrameworks/Bom.framework/Versions/A/Bom
0x00007fff6a274000 	/usr/lib/libAudioToolboxUtility.dylib
0x00007fff48834000 	/System/Library/PrivateFrameworks/Backup.framework/Versions/A/Backup
0x00007fff4d612000 	/System/Library/PrivateFrameworks/CrashReporterSupport.framework/Versions/A/CrashReporterSupport
0x00007fff61500000 	/System/Library/PrivateFrameworks/Sharing.framework/Versions/A/Sharing
0x00007fff46d78000 	/System/Library/PrivateFrameworks/Apple80211.framework/Versions/A/Apple80211
0x00007fff48551000 	/System/Library/PrivateFrameworks/AuthKit.framework/Versions/A/AuthKit
0x00007fff4d31f000 	/System/Library/PrivateFrameworks/CoreUtils.framework/Versions/A/CoreUtils
0x00007fff3575a000 	/System/Library/Frameworks/CoreWLAN.framework/Versions/A/CoreWLAN
0x00007fff3637e000 	/System/Library/Frameworks/IOBluetooth.framework/Versions/A/IOBluetooth
0x00007fff5a639000 	/System/Library/PrivateFrameworks/MobileKeyBag.framework/Versions/A/MobileKeyBag
0x00007fff4c124000 	/System/Library/PrivateFrameworks/CorePhoneNumbers.framework/Versions/A/CorePhoneNumbers
0x00007fff47168000 	/System/Library/PrivateFrameworks/AppleIDAuthSupport.framework/Versions/A/AppleIDAuthSupport
0x00007fff3a0c2000 	/System/Library/Frameworks/Network.framework/Versions/A/Network
0x00007fff58cc3000 	/System/Library/PrivateFrameworks/KeychainCircle.framework/Versions/A/KeychainCircle
0x00007fff331ab000 	/System/Library/Frameworks/CoreBluetooth.framework/Versions/A/CoreBluetooth
0x00007fff6357f000 	/System/Library/PrivateFrameworks/SpeechRecognitionCore.framework/Versions/A/SpeechRecognitionCore
0x000000010f397000 	/Library/Java/JavaVirtualMachines/adoptopenjdk-8.jdk/Contents/Home/jre/lib/server/libjvm.dylib
0x000000010d564000 	/Library/Java/JavaVirtualMachines/adoptopenjdk-8.jdk/Contents/Home/jre/lib/libverify.dylib
0x000000010d575000 	/Library/Java/JavaVirtualMachines/adoptopenjdk-8.jdk/Contents/Home/jre/lib/libjava.dylib
0x000000010d5f2000 	/Library/Java/JavaVirtualMachines/adoptopenjdk-8.jdk/Contents/Home/jre/lib/libzip.dylib
0x0000000122429000 	/Library/Java/JavaVirtualMachines/adoptopenjdk-8.jdk/Contents/Home/jre/lib/libnio.dylib
0x000000012243b000 	/Library/Java/JavaVirtualMachines/adoptopenjdk-8.jdk/Contents/Home/jre/lib/libnet.dylib
0x0000000122975000 	/Users/simonvergauwen/.gradle/native/f6784746aeab05261644944871eae4fe03e0ef1612fff0a4a95f87b438bc6780/osx-amd64/libnative-platform.dylib
0x0000000122cb7000 	/Library/Java/JavaVirtualMachines/adoptopenjdk-8.jdk/Contents/Home/jre/lib/libmanagement.dylib
0x00000001291cf000 	/private/var/folders/x5/6r18d9w52c7czy6zh5m1spvw0000gn/T/native-platform2090534219679178724dir/libnative-platform.dylib
0x00007fff6cb3a000 	/usr/lib/libstdc++.6.dylib
0x00000001293fb000 	/Library/Java/JavaVirtualMachines/adoptopenjdk-8.jdk/Contents/Home/jre/lib/libsunec.dylib
0x00007fff6cc0c000 	/usr/lib/libusrtcp.dylib

VM Arguments:
jvm_args: -XX:MaxMetaspaceSize=256m -XX:+HeapDumpOnOutOfMemoryError -Xms256m -Xmx512m -Dfile.encoding=UTF-8 -Duser.country=GB -Duser.language=en -Duser.variant 
java_command: org.gradle.launcher.daemon.bootstrap.GradleDaemon 6.5
java_class_path (initial): /Users/simonvergauwen/.gradle/wrapper/dists/gradle-6.5-bin/6nifqtx7604sqp1q6g8wikw7p/gradle-6.5/lib/gradle-launcher-6.5.jar
Launcher Type: SUN_STANDARD

Environment Variables:
JAVA_HOME=/Library/Java/JavaVirtualMachines/adoptopenjdk-8.jdk/Contents/Home
PATH=/Users/simonvergauwen/.rvm/gems/ruby-2.7.1/bin:/Users/simonvergauwen/.rvm/gems/ruby-2.7.1@global/bin:/Users/simonvergauwen/.rvm/rubies/ruby-2.7.1/bin:/usr/local/opt/ruby/bin:/Users/simonvergauwen/Downloads/google-cloud-sdk/bin:/Users/simonvergauwen/.nvm/versions/node/v10.21.0/bin:/usr/local/sbin:/Users/simonvergauwen/.gem/ruby/2.6.0/bin:/Library/Frameworks/Python.framework/Versions/3.9/bin:/usr/local/bin:/usr/bin:/bin:/usr/sbin:/sbin:/usr/local/munki:/Library/Apple/usr/bin:/Applications/Postgres.app/Contents/Versions/latest/bin:/Users/simonvergauwen/.rvm/bin
SHELL=/bin/zsh

Signal Handlers:
SIGSEGV: [libjvm.dylib+0x55f6f9], sa_mask[0]=11111111011111110111111111111111, sa_flags=SA_ONSTACK|SA_RESTART|SA_SIGINFO
SIGBUS: [libjvm.dylib+0x55f6f9], sa_mask[0]=11111111011111110111111111111111, sa_flags=SA_RESTART|SA_SIGINFO
SIGFPE: [libjvm.dylib+0x459bff], sa_mask[0]=11111111011111110111111111111111, sa_flags=SA_RESTART|SA_SIGINFO
SIGPIPE: [libjvm.dylib+0x459bff], sa_mask[0]=11111111011111110111111111111111, sa_flags=SA_RESTART|SA_SIGINFO
SIGXFSZ: [libjvm.dylib+0x459bff], sa_mask[0]=11111111011111110111111111111111, sa_flags=SA_RESTART|SA_SIGINFO
SIGILL: [libjvm.dylib+0x459bff], sa_mask[0]=11111111011111110111111111111111, sa_flags=SA_RESTART|SA_SIGINFO
SIGUSR1: SIG_DFL, sa_mask[0]=00000000000000000000000000000000, sa_flags=none
SIGUSR2: [libjvm.dylib+0x45a4f6], sa_mask[0]=00100000000000000000000000000000, sa_flags=SA_RESTART|SA_SIGINFO
SIGHUP: [libjvm.dylib+0x458745], sa_mask[0]=11111111011111110111111111111111, sa_flags=SA_RESTART|SA_SIGINFO
SIGINT: [libjvm.dylib+0x458745], sa_mask[0]=11111111011111110111111111111111, sa_flags=SA_RESTART|SA_SIGINFO
SIGTERM: [libjvm.dylib+0x458745], sa_mask[0]=11111111011111110111111111111111, sa_flags=SA_RESTART|SA_SIGINFO
SIGQUIT: [libjvm.dylib+0x458745], sa_mask[0]=11111111011111110111111111111111, sa_flags=SA_RESTART|SA_SIGINFO


---------------  S Y S T E M  ---------------

OS:Bsduname:Darwin 19.6.0 Darwin Kernel Version 19.6.0: Tue Jan 12 22:13:05 PST 2021; root:xnu-6153.141.16~1/RELEASE_X86_64 x86_64
rlimit: STACK 8192k, CORE 0k, NPROC 2784, NOFILE 10240, AS infinity
load average:2.75 2.76 2.59

CPU:total 12 (initial active 12) (6 cores per cpu, 2 threads per core) family 6 model 158 stepping 10, cmov, cx8, fxsr, mmx, sse, sse2, sse3, ssse3, sse4.1, sse4.2, popcnt, avx, avx2, aes, clmul, erms, 3dnowpref, lzcnt, ht, tsc, tscinvbit, bmi1, bmi2, adx

Memory: 4k page, physical 16777216k(103288k free)

/proc/meminfo:


vm_info: OpenJDK 64-Bit Server VM (25.252-b09) for bsd-amd64 JRE (1.8.0_252-b09), built on Apr 22 2020 09:48:37 by "jenkins" with gcc 4.2.1 Compatible Apple LLVM 10.0.1 (clang-1001.0.46.4)

time: Tue Aug 10 20:00:55 2021
timezone: CEST
elapsed time: 128 seconds (0d 0h 2m 8s)

